[I 2026-04-21 16:08:56,804] A new study created in memory with name: no-name-c2bac152-2c56-4392-84b3-1f349af9a8c4
J:\Toni\Vibing\VN2_Opus\forecaster.py:57: FutureWarning: The previous implementation of stack is deprecated and will be removed in a future version of pandas. See the What's New notes for pandas 2.1.0 for details. Specify future_stack=True to adopt the new implementation and silence this warning.
  long = sales_clean.stack(dropna=False).reset_index()
J:\Toni\Vibing\VN2_Opus\forecaster.py:57: FutureWarning: The previous implementation of stack is deprecated and will be removed in a future version of pandas. See the What's New notes for pandas 2.1.0 for details. Specify future_stack=True to adopt the new implementation and silence this warning.
  long = sales_clean.stack(dropna=False).reset_index()
J:\Toni\Vibing\VN2_Opus\forecaster.py:57: FutureWarning: The previous implementation of stack is deprecated and will be removed in a future version of pandas. See the What's New notes for pandas 2.1.0 for details. Specify future_stack=True to adopt the new implementation and silence this warning.
  long = sales_clean.stack(dropna=False).reset_index()
J:\Toni\Vibing\VN2_Opus\forecaster.py:57: FutureWarning: The previous implementation of stack is deprecated and will be removed in a future version of pandas. See the What's New notes for pandas 2.1.0 for details. Specify future_stack=True to adopt the new implementation and silence this warning.
  long = sales_clean.stack(dropna=False).reset_index()
[I 2026-04-21 16:09:10,903] Trial 0 finished with value: 3689.35 and parameters: {'lgb_n_estimators': 212, 'lgb_lr': 0.1358198535217987, 'lgb_num_leaves': 50, 'lgb_min_child_samples': 26, 'lgb_subsample': 0.6624074561769746, 'lgb_colsample': 0.662397808134481, 'lgb_reg_alpha': 0.05808361216819946, 'lgb_reg_lambda': 0.8661761457749352, 'cb_iterations': 280, 'cb_lr': 0.08329844231669226, 'cb_depth': 4, 'cb_l2': 9.72918866945795}. Best is trial 0 with value: 3689.35.
J:\Toni\Vibing\VN2_Opus\forecaster.py:57: FutureWarning: The previous implementation of stack is deprecated and will be removed in a future version of pandas. See the What's New notes for pandas 2.1.0 for details. Specify future_stack=True to adopt the new implementation and silence this warning.
  long = sales_clean.stack(dropna=False).reset_index()
J:\Toni\Vibing\VN2_Opus\forecaster.py:57: FutureWarning: The previous implementation of stack is deprecated and will be removed in a future version of pandas. See the What's New notes for pandas 2.1.0 for details. Specify future_stack=True to adopt the new implementation and silence this warning.
  long = sales_clean.stack(dropna=False).reset_index()
J:\Toni\Vibing\VN2_Opus\forecaster.py:57: FutureWarning: The previous implementation of stack is deprecated and will be removed in a future version of pandas. See the What's New notes for pandas 2.1.0 for details. Specify future_stack=True to adopt the new implementation and silence this warning.
  long = sales_clean.stack(dropna=False).reset_index()
J:\Toni\Vibing\VN2_Opus\forecaster.py:57: FutureWarning: The previous implementation of stack is deprecated and will be removed in a future version of pandas. See the What's New notes for pandas 2.1.0 for details. Specify future_stack=True to adopt the new implementation and silence this warning.
  long = sales_clean.stack(dropna=False).reset_index()
[I 2026-04-21 16:09:22,636] Trial 1 finished with value: 3650.2999999999997 and parameters: {'lgb_n_estimators': 350, 'lgb_lr': 0.030678895924589226, 'lgb_num_leaves': 23, 'lgb_min_child_samples': 11, 'lgb_subsample': 0.7216968971838151, 'lgb_colsample': 0.8099025726528951, 'lgb_reg_alpha': 0.43194501864211576, 'lgb_reg_lambda': 0.2912291401980419, 'cb_iterations': 284, 'cb_lr': 0.02649083634077794, 'cb_depth': 5, 'cb_l2': 4.297256589643226}. Best is trial 1 with value: 3650.2999999999997.
J:\Toni\Vibing\VN2_Opus\forecaster.py:57: FutureWarning: The previous implementation of stack is deprecated and will be removed in a future version of pandas. See the What's New notes for pandas 2.1.0 for details. Specify future_stack=True to adopt the new implementation and silence this warning.
  long = sales_clean.stack(dropna=False).reset_index()
J:\Toni\Vibing\VN2_Opus\forecaster.py:57: FutureWarning: The previous implementation of stack is deprecated and will be removed in a future version of pandas. See the What's New notes for pandas 2.1.0 for details. Specify future_stack=True to adopt the new implementation and silence this warning.
  long = sales_clean.stack(dropna=False).reset_index()
J:\Toni\Vibing\VN2_Opus\forecaster.py:57: FutureWarning: The previous implementation of stack is deprecated and will be removed in a future version of pandas. See the What's New notes for pandas 2.1.0 for details. Specify future_stack=True to adopt the new implementation and silence this warning.
  long = sales_clean.stack(dropna=False).reset_index()
J:\Toni\Vibing\VN2_Opus\forecaster.py:57: FutureWarning: The previous implementation of stack is deprecated and will be removed in a future version of pandas. See the What's New notes for pandas 2.1.0 for details. Specify future_stack=True to adopt the new implementation and silence this warning.
  long = sales_clean.stack(dropna=False).reset_index()
[I 2026-04-21 16:09:40,097] Trial 2 finished with value: 3679.8 and parameters: {'lgb_n_estimators': 237, 'lgb_lr': 0.09729870597990298, 'lgb_num_leaves': 24, 'lgb_min_child_samples': 23, 'lgb_subsample': 0.836965827544817, 'lgb_colsample': 0.6185801650879991, 'lgb_reg_alpha': 0.6075448519014384, 'lgb_reg_lambda': 0.17052412368729153, 'cb_iterations': 119, 'cb_lr': 0.13532030647336643, 'cb_depth': 9, 'cb_l2': 8.275576133048151}. Best is trial 1 with value: 3650.2999999999997.
J:\Toni\Vibing\VN2_Opus\forecaster.py:57: FutureWarning: The previous implementation of stack is deprecated and will be removed in a future version of pandas. See the What's New notes for pandas 2.1.0 for details. Specify future_stack=True to adopt the new implementation and silence this warning.
  long = sales_clean.stack(dropna=False).reset_index()
J:\Toni\Vibing\VN2_Opus\forecaster.py:57: FutureWarning: The previous implementation of stack is deprecated and will be removed in a future version of pandas. See the What's New notes for pandas 2.1.0 for details. Specify future_stack=True to adopt the new implementation and silence this warning.
  long = sales_clean.stack(dropna=False).reset_index()
J:\Toni\Vibing\VN2_Opus\forecaster.py:57: FutureWarning: The previous implementation of stack is deprecated and will be removed in a future version of pandas. See the What's New notes for pandas 2.1.0 for details. Specify future_stack=True to adopt the new implementation and silence this warning.
  long = sales_clean.stack(dropna=False).reset_index()
J:\Toni\Vibing\VN2_Opus\forecaster.py:57: FutureWarning: The previous implementation of stack is deprecated and will be removed in a future version of pandas. See the What's New notes for pandas 2.1.0 for details. Specify future_stack=True to adopt the new implementation and silence this warning.
  long = sales_clean.stack(dropna=False).reset_index()
[I 2026-04-21 16:09:48,762] Trial 3 finished with value: 3662.7 and parameters: {'lgb_n_estimators': 191, 'lgb_lr': 0.02435000636897718, 'lgb_num_leaves': 48, 'lgb_min_child_samples': 20, 'lgb_subsample': 0.6488152939379115, 'lgb_colsample': 0.798070764044508, 'lgb_reg_alpha': 0.034388521115218396, 'lgb_reg_lambda': 0.9093204020787821, 'cb_iterations': 177, 'cb_lr': 0.07599369873560621, 'cb_depth': 5, 'cb_l2': 5.680612190600297}. Best is trial 1 with value: 3650.2999999999997.
J:\Toni\Vibing\VN2_Opus\forecaster.py:57: FutureWarning: The previous implementation of stack is deprecated and will be removed in a future version of pandas. See the What's New notes for pandas 2.1.0 for details. Specify future_stack=True to adopt the new implementation and silence this warning.
  long = sales_clean.stack(dropna=False).reset_index()
J:\Toni\Vibing\VN2_Opus\forecaster.py:57: FutureWarning: The previous implementation of stack is deprecated and will be removed in a future version of pandas. See the What's New notes for pandas 2.1.0 for details. Specify future_stack=True to adopt the new implementation and silence this warning.
  long = sales_clean.stack(dropna=False).reset_index()
J:\Toni\Vibing\VN2_Opus\forecaster.py:57: FutureWarning: The previous implementation of stack is deprecated and will be removed in a future version of pandas. See the What's New notes for pandas 2.1.0 for details. Specify future_stack=True to adopt the new implementation and silence this warning.
  long = sales_clean.stack(dropna=False).reset_index()
J:\Toni\Vibing\VN2_Opus\forecaster.py:57: FutureWarning: The previous implementation of stack is deprecated and will be removed in a future version of pandas. See the What's New notes for pandas 2.1.0 for details. Specify future_stack=True to adopt the new implementation and silence this warning.
  long = sales_clean.stack(dropna=False).reset_index()
[I 2026-04-21 16:09:58,214] Trial 4 finished with value: 3698.35 and parameters: {'lgb_n_estimators': 264, 'lgb_lr': 0.02902611884153732, 'lgb_num_leaves': 62, 'lgb_min_child_samples': 32, 'lgb_subsample': 0.9757995766256756, 'lgb_colsample': 0.9579309401710595, 'lgb_reg_alpha': 0.5978999788110851, 'lgb_reg_lambda': 0.9218742350231168, 'cb_iterations': 126, 'cb_lr': 0.029684313313571024, 'cb_depth': 4, 'cb_l2': 3.927972976869379}. Best is trial 1 with value: 3650.2999999999997.
J:\Toni\Vibing\VN2_Opus\forecaster.py:57: FutureWarning: The previous implementation of stack is deprecated and will be removed in a future version of pandas. See the What's New notes for pandas 2.1.0 for details. Specify future_stack=True to adopt the new implementation and silence this warning.
  long = sales_clean.stack(dropna=False).reset_index()
J:\Toni\Vibing\VN2_Opus\forecaster.py:57: FutureWarning: The previous implementation of stack is deprecated and will be removed in a future version of pandas. See the What's New notes for pandas 2.1.0 for details. Specify future_stack=True to adopt the new implementation and silence this warning.
  long = sales_clean.stack(dropna=False).reset_index()
J:\Toni\Vibing\VN2_Opus\forecaster.py:57: FutureWarning: The previous implementation of stack is deprecated and will be removed in a future version of pandas. See the What's New notes for pandas 2.1.0 for details. Specify future_stack=True to adopt the new implementation and silence this warning.
  long = sales_clean.stack(dropna=False).reset_index()
J:\Toni\Vibing\VN2_Opus\forecaster.py:57: FutureWarning: The previous implementation of stack is deprecated and will be removed in a future version of pandas. See the What's New notes for pandas 2.1.0 for details. Specify future_stack=True to adopt the new implementation and silence this warning.
  long = sales_clean.stack(dropna=False).reset_index()
[I 2026-04-21 16:10:09,189] Trial 5 finished with value: 3691.65 and parameters: {'lgb_n_estimators': 216, 'lgb_lr': 0.03455230480658175, 'lgb_num_leaves': 55, 'lgb_min_child_samples': 17, 'lgb_subsample': 0.7123738038749523, 'lgb_colsample': 0.8170784332632994, 'lgb_reg_alpha': 0.14092422497476265, 'lgb_reg_lambda': 0.8021969807540397, 'cb_iterations': 122, 'cb_lr': 0.14608866662799525, 'cb_depth': 8, 'cb_l2': 2.7884411338075514}. Best is trial 1 with value: 3650.2999999999997.
J:\Toni\Vibing\VN2_Opus\forecaster.py:57: FutureWarning: The previous implementation of stack is deprecated and will be removed in a future version of pandas. See the What's New notes for pandas 2.1.0 for details. Specify future_stack=True to adopt the new implementation and silence this warning.
  long = sales_clean.stack(dropna=False).reset_index()
J:\Toni\Vibing\VN2_Opus\forecaster.py:57: FutureWarning: The previous implementation of stack is deprecated and will be removed in a future version of pandas. See the What's New notes for pandas 2.1.0 for details. Specify future_stack=True to adopt the new implementation and silence this warning.
  long = sales_clean.stack(dropna=False).reset_index()
J:\Toni\Vibing\VN2_Opus\forecaster.py:57: FutureWarning: The previous implementation of stack is deprecated and will be removed in a future version of pandas. See the What's New notes for pandas 2.1.0 for details. Specify future_stack=True to adopt the new implementation and silence this warning.
  long = sales_clean.stack(dropna=False).reset_index()
J:\Toni\Vibing\VN2_Opus\forecaster.py:57: FutureWarning: The previous implementation of stack is deprecated and will be removed in a future version of pandas. See the What's New notes for pandas 2.1.0 for details. Specify future_stack=True to adopt the new implementation and silence this warning.
  long = sales_clean.stack(dropna=False).reset_index()
[I 2026-04-21 16:10:18,809] Trial 6 finished with value: 3671.3500000000004 and parameters: {'lgb_n_estimators': 101, 'lgb_lr': 0.10342099303484481, 'lgb_num_leaves': 49, 'lgb_min_child_samples': 31, 'lgb_subsample': 0.9085081386743783, 'lgb_colsample': 0.6296178606936361, 'lgb_reg_alpha': 0.3584657285442726, 'lgb_reg_lambda': 0.11586905952512971, 'cb_iterations': 359, 'cb_lr': 0.07021890326042347, 'cb_depth': 5, 'cb_l2': 1.5720251525742128}. Best is trial 1 with value: 3650.2999999999997.
J:\Toni\Vibing\VN2_Opus\forecaster.py:57: FutureWarning: The previous implementation of stack is deprecated and will be removed in a future version of pandas. See the What's New notes for pandas 2.1.0 for details. Specify future_stack=True to adopt the new implementation and silence this warning.
  long = sales_clean.stack(dropna=False).reset_index()
J:\Toni\Vibing\VN2_Opus\forecaster.py:57: FutureWarning: The previous implementation of stack is deprecated and will be removed in a future version of pandas. See the What's New notes for pandas 2.1.0 for details. Specify future_stack=True to adopt the new implementation and silence this warning.
  long = sales_clean.stack(dropna=False).reset_index()
J:\Toni\Vibing\VN2_Opus\forecaster.py:57: FutureWarning: The previous implementation of stack is deprecated and will be removed in a future version of pandas. See the What's New notes for pandas 2.1.0 for details. Specify future_stack=True to adopt the new implementation and silence this warning.
  long = sales_clean.stack(dropna=False).reset_index()
J:\Toni\Vibing\VN2_Opus\forecaster.py:57: FutureWarning: The previous implementation of stack is deprecated and will be removed in a future version of pandas. See the What's New notes for pandas 2.1.0 for details. Specify future_stack=True to adopt the new implementation and silence this warning.
  long = sales_clean.stack(dropna=False).reset_index()
[I 2026-04-21 16:10:39,960] Trial 7 finished with value: 3651.7 and parameters: {'lgb_n_estimators': 193, 'lgb_lr': 0.03851104685115368, 'lgb_num_leaves': 50, 'lgb_min_child_samples': 27, 'lgb_subsample': 0.9548850970305306, 'lgb_colsample': 0.7888859700647797, 'lgb_reg_alpha': 0.1195942459383017, 'lgb_reg_lambda': 0.713244787222995, 'cb_iterations': 328, 'cb_lr': 0.06197006180421462, 'cb_depth': 8, 'cb_l2': 5.444160367279517}. Best is trial 1 with value: 3650.2999999999997.
J:\Toni\Vibing\VN2_Opus\forecaster.py:57: FutureWarning: The previous implementation of stack is deprecated and will be removed in a future version of pandas. See the What's New notes for pandas 2.1.0 for details. Specify future_stack=True to adopt the new implementation and silence this warning.
  long = sales_clean.stack(dropna=False).reset_index()
J:\Toni\Vibing\VN2_Opus\forecaster.py:57: FutureWarning: The previous implementation of stack is deprecated and will be removed in a future version of pandas. See the What's New notes for pandas 2.1.0 for details. Specify future_stack=True to adopt the new implementation and silence this warning.
  long = sales_clean.stack(dropna=False).reset_index()
J:\Toni\Vibing\VN2_Opus\forecaster.py:57: FutureWarning: The previous implementation of stack is deprecated and will be removed in a future version of pandas. See the What's New notes for pandas 2.1.0 for details. Specify future_stack=True to adopt the new implementation and silence this warning.
  long = sales_clean.stack(dropna=False).reset_index()
J:\Toni\Vibing\VN2_Opus\forecaster.py:57: FutureWarning: The previous implementation of stack is deprecated and will be removed in a future version of pandas. See the What's New notes for pandas 2.1.0 for details. Specify future_stack=True to adopt the new implementation and silence this warning.
  long = sales_clean.stack(dropna=False).reset_index()
[I 2026-04-21 16:10:53,111] Trial 8 finished with value: 3665.3999999999996 and parameters: {'lgb_n_estimators': 257, 'lgb_lr': 0.0473319698650522, 'lgb_num_leaves': 16, 'lgb_min_child_samples': 8, 'lgb_subsample': 0.6125716742746937, 'lgb_colsample': 0.8545641645055122, 'lgb_reg_alpha': 0.3143559810763267, 'lgb_reg_lambda': 0.5085706911647028, 'cb_iterations': 373, 'cb_lr': 0.033050342821696894, 'cb_depth': 6, 'cb_l2': 7.799960246887438}. Best is trial 1 with value: 3650.2999999999997.
J:\Toni\Vibing\VN2_Opus\forecaster.py:57: FutureWarning: The previous implementation of stack is deprecated and will be removed in a future version of pandas. See the What's New notes for pandas 2.1.0 for details. Specify future_stack=True to adopt the new implementation and silence this warning.
  long = sales_clean.stack(dropna=False).reset_index()
J:\Toni\Vibing\VN2_Opus\forecaster.py:57: FutureWarning: The previous implementation of stack is deprecated and will be removed in a future version of pandas. See the What's New notes for pandas 2.1.0 for details. Specify future_stack=True to adopt the new implementation and silence this warning.
  long = sales_clean.stack(dropna=False).reset_index()
J:\Toni\Vibing\VN2_Opus\forecaster.py:57: FutureWarning: The previous implementation of stack is deprecated and will be removed in a future version of pandas. See the What's New notes for pandas 2.1.0 for details. Specify future_stack=True to adopt the new implementation and silence this warning.
  long = sales_clean.stack(dropna=False).reset_index()
J:\Toni\Vibing\VN2_Opus\forecaster.py:57: FutureWarning: The previous implementation of stack is deprecated and will be removed in a future version of pandas. See the What's New notes for pandas 2.1.0 for details. Specify future_stack=True to adopt the new implementation and silence this warning.
  long = sales_clean.stack(dropna=False).reset_index()
[I 2026-04-21 16:11:23,930] Trial 9 finished with value: 3645.55 and parameters: {'lgb_n_estimators': 168, 'lgb_lr': 0.02335565937782791, 'lgb_num_leaves': 29, 'lgb_min_child_samples': 10, 'lgb_subsample': 0.9718790609370292, 'lgb_colsample': 0.9232481518257668, 'lgb_reg_alpha': 0.6334037565104235, 'lgb_reg_lambda': 0.8714605901877177, 'cb_iterations': 341, 'cb_lr': 0.029126629206623567, 'cb_depth': 9, 'cb_l2': 5.854080177240856}. Best is trial 9 with value: 3645.55.
J:\Toni\Vibing\VN2_Opus\forecaster.py:57: FutureWarning: The previous implementation of stack is deprecated and will be removed in a future version of pandas. See the What's New notes for pandas 2.1.0 for details. Specify future_stack=True to adopt the new implementation and silence this warning.
  long = sales_clean.stack(dropna=False).reset_index()
J:\Toni\Vibing\VN2_Opus\forecaster.py:57: FutureWarning: The previous implementation of stack is deprecated and will be removed in a future version of pandas. See the What's New notes for pandas 2.1.0 for details. Specify future_stack=True to adopt the new implementation and silence this warning.
  long = sales_clean.stack(dropna=False).reset_index()
J:\Toni\Vibing\VN2_Opus\forecaster.py:57: FutureWarning: The previous implementation of stack is deprecated and will be removed in a future version of pandas. See the What's New notes for pandas 2.1.0 for details. Specify future_stack=True to adopt the new implementation and silence this warning.
  long = sales_clean.stack(dropna=False).reset_index()
J:\Toni\Vibing\VN2_Opus\forecaster.py:57: FutureWarning: The previous implementation of stack is deprecated and will be removed in a future version of pandas. See the What's New notes for pandas 2.1.0 for details. Specify future_stack=True to adopt the new implementation and silence this warning.
  long = sales_clean.stack(dropna=False).reset_index()
