[I 2026-04-21 16:11:44,819] Trial 10 finished with value: 3735.5 and parameters: {'lgb_n_estimators': 107, 'lgb_lr': 0.020243140908510808, 'lgb_num_leaves': 36, 'lgb_min_child_samples': 38, 'lgb_subsample': 0.8560354009870224, 'lgb_colsample': 0.9630659181130071, 'lgb_reg_alpha': 0.946974732984537, 'lgb_reg_lambda': 0.6222354740165085, 'cb_iterations': 218, 'cb_lr': 0.02050232073447608, 'cb_depth': 9, 'cb_l2': 6.55709025693719}. Best is trial 9 with value: 3645.55.
J:\Toni\Vibing\VN2_Opus\forecaster.py:57: FutureWarning: The previous implementation of stack is deprecated and will be removed in a future version of pandas. See the What's New notes for pandas 2.1.0 for details. Specify future_stack=True to adopt the new implementation and silence this warning.
  long = sales_clean.stack(dropna=False).reset_index()
J:\Toni\Vibing\VN2_Opus\forecaster.py:57: FutureWarning: The previous implementation of stack is deprecated and will be removed in a future version of pandas. See the What's New notes for pandas 2.1.0 for details. Specify future_stack=True to adopt the new implementation and silence this warning.
  long = sales_clean.stack(dropna=False).reset_index()
J:\Toni\Vibing\VN2_Opus\forecaster.py:57: FutureWarning: The previous implementation of stack is deprecated and will be removed in a future version of pandas. See the What's New notes for pandas 2.1.0 for details. Specify future_stack=True to adopt the new implementation and silence this warning.
  long = sales_clean.stack(dropna=False).reset_index()
J:\Toni\Vibing\VN2_Opus\forecaster.py:57: FutureWarning: The previous implementation of stack is deprecated and will be removed in a future version of pandas. See the What's New notes for pandas 2.1.0 for details. Specify future_stack=True to adopt the new implementation and silence this warning.
  long = sales_clean.stack(dropna=False).reset_index()
[I 2026-04-21 16:11:59,018] Trial 11 finished with value: 3666.7000000000003 and parameters: {'lgb_n_estimators': 377, 'lgb_lr': 0.05884831616837426, 'lgb_num_leaves': 31, 'lgb_min_child_samples': 5, 'lgb_subsample': 0.7708449222533327, 'lgb_colsample': 0.8929950082865888, 'lgb_reg_alpha': 0.822464050600963, 'lgb_reg_lambda': 0.28416990337125597, 'cb_iterations': 296, 'cb_lr': 0.03824687783116986, 'cb_depth': 7, 'cb_l2': 4.180565244942645}. Best is trial 9 with value: 3645.55.
J:\Toni\Vibing\VN2_Opus\forecaster.py:57: FutureWarning: The previous implementation of stack is deprecated and will be removed in a future version of pandas. See the What's New notes for pandas 2.1.0 for details. Specify future_stack=True to adopt the new implementation and silence this warning.
  long = sales_clean.stack(dropna=False).reset_index()
J:\Toni\Vibing\VN2_Opus\forecaster.py:57: FutureWarning: The previous implementation of stack is deprecated and will be removed in a future version of pandas. See the What's New notes for pandas 2.1.0 for details. Specify future_stack=True to adopt the new implementation and silence this warning.
  long = sales_clean.stack(dropna=False).reset_index()
J:\Toni\Vibing\VN2_Opus\forecaster.py:57: FutureWarning: The previous implementation of stack is deprecated and will be removed in a future version of pandas. See the What's New notes for pandas 2.1.0 for details. Specify future_stack=True to adopt the new implementation and silence this warning.
  long = sales_clean.stack(dropna=False).reset_index()
J:\Toni\Vibing\VN2_Opus\forecaster.py:57: FutureWarning: The previous implementation of stack is deprecated and will be removed in a future version of pandas. See the What's New notes for pandas 2.1.0 for details. Specify future_stack=True to adopt the new implementation and silence this warning.
  long = sales_clean.stack(dropna=False).reset_index()
[I 2026-04-21 16:12:09,630] Trial 12 finished with value: 3657.8499999999995 and parameters: {'lgb_n_estimators': 394, 'lgb_lr': 0.06025447618941379, 'lgb_num_leaves': 25, 'lgb_min_child_samples': 13, 'lgb_subsample': 0.7653287589145988, 'lgb_colsample': 0.7153272494223534, 'lgb_reg_alpha': 0.468005507778617, 'lgb_reg_lambda': 0.4144899194835241, 'cb_iterations': 249, 'cb_lr': 0.021261187576865678, 'cb_depth': 6, 'cb_l2': 4.532197771600985}. Best is trial 9 with value: 3645.55.
J:\Toni\Vibing\VN2_Opus\forecaster.py:57: FutureWarning: The previous implementation of stack is deprecated and will be removed in a future version of pandas. See the What's New notes for pandas 2.1.0 for details. Specify future_stack=True to adopt the new implementation and silence this warning.
  long = sales_clean.stack(dropna=False).reset_index()
J:\Toni\Vibing\VN2_Opus\forecaster.py:57: FutureWarning: The previous implementation of stack is deprecated and will be removed in a future version of pandas. See the What's New notes for pandas 2.1.0 for details. Specify future_stack=True to adopt the new implementation and silence this warning.
  long = sales_clean.stack(dropna=False).reset_index()
J:\Toni\Vibing\VN2_Opus\forecaster.py:57: FutureWarning: The previous implementation of stack is deprecated and will be removed in a future version of pandas. See the What's New notes for pandas 2.1.0 for details. Specify future_stack=True to adopt the new implementation and silence this warning.
  long = sales_clean.stack(dropna=False).reset_index()
J:\Toni\Vibing\VN2_Opus\forecaster.py:57: FutureWarning: The previous implementation of stack is deprecated and will be removed in a future version of pandas. See the What's New notes for pandas 2.1.0 for details. Specify future_stack=True to adopt the new implementation and silence this warning.
  long = sales_clean.stack(dropna=False).reset_index()
[I 2026-04-21 16:12:23,773] Trial 13 finished with value: 3664.45 and parameters: {'lgb_n_estimators': 319, 'lgb_lr': 0.020345524640562388, 'lgb_num_leaves': 17, 'lgb_min_child_samples': 12, 'lgb_subsample': 0.7207272827040514, 'lgb_colsample': 0.9006453699263156, 'lgb_reg_alpha': 0.7453617016621958, 'lgb_reg_lambda': 0.34189260757845485, 'cb_iterations': 323, 'cb_lr': 0.044220945021003884, 'cb_depth': 7, 'cb_l2': 2.866666574700349}. Best is trial 9 with value: 3645.55.
J:\Toni\Vibing\VN2_Opus\forecaster.py:57: FutureWarning: The previous implementation of stack is deprecated and will be removed in a future version of pandas. See the What's New notes for pandas 2.1.0 for details. Specify future_stack=True to adopt the new implementation and silence this warning.
  long = sales_clean.stack(dropna=False).reset_index()
J:\Toni\Vibing\VN2_Opus\forecaster.py:57: FutureWarning: The previous implementation of stack is deprecated and will be removed in a future version of pandas. See the What's New notes for pandas 2.1.0 for details. Specify future_stack=True to adopt the new implementation and silence this warning.
  long = sales_clean.stack(dropna=False).reset_index()
J:\Toni\Vibing\VN2_Opus\forecaster.py:57: FutureWarning: The previous implementation of stack is deprecated and will be removed in a future version of pandas. See the What's New notes for pandas 2.1.0 for details. Specify future_stack=True to adopt the new implementation and silence this warning.
  long = sales_clean.stack(dropna=False).reset_index()
J:\Toni\Vibing\VN2_Opus\forecaster.py:57: FutureWarning: The previous implementation of stack is deprecated and will be removed in a future version of pandas. See the What's New notes for pandas 2.1.0 for details. Specify future_stack=True to adopt the new implementation and silence this warning.
  long = sales_clean.stack(dropna=False).reset_index()
