[I 2026-04-21 16:28:55,203] Trial 10 finished with value: 3632.65 and parameters: {'w_ma': 0.37470146622083356, 'w_lgb_share': 0.4032984506256995, 'multiplier': 1.0375821839526562, 'safety_units': 0.5774020509375275, 'lgb_n_estimators': 276, 'lgb_lr': 0.06887106177341837, 'lgb_num_leaves': 23, 'lgb_min_child_samples': 8, 'lgb_subsample': 0.7793425073446506, 'lgb_colsample': 0.7030777923912344, 'lgb_reg_alpha': 0.4837682171881089, 'lgb_reg_lambda': 0.21997460226414123, 'cb_iterations': 260, 'cb_lr': 0.09267985480780709, 'cb_depth': 7, 'cb_l2': 6.716448625177554}. Best is trial 2 with value: 3621.6499999999996.
J:\Toni\Vibing\VN2_Opus\forecaster.py:57: FutureWarning: The previous implementation of stack is deprecated and will be removed in a future version of pandas. See the What's New notes for pandas 2.1.0 for details. Specify future_stack=True to adopt the new implementation and silence this warning.
  long = sales_clean.stack(dropna=False).reset_index()
J:\Toni\Vibing\VN2_Opus\forecaster.py:57: FutureWarning: The previous implementation of stack is deprecated and will be removed in a future version of pandas. See the What's New notes for pandas 2.1.0 for details. Specify future_stack=True to adopt the new implementation and silence this warning.
  long = sales_clean.stack(dropna=False).reset_index()
J:\Toni\Vibing\VN2_Opus\forecaster.py:57: FutureWarning: The previous implementation of stack is deprecated and will be removed in a future version of pandas. See the What's New notes for pandas 2.1.0 for details. Specify future_stack=True to adopt the new implementation and silence this warning.
  long = sales_clean.stack(dropna=False).reset_index()
J:\Toni\Vibing\VN2_Opus\forecaster.py:57: FutureWarning: The previous implementation of stack is deprecated and will be removed in a future version of pandas. See the What's New notes for pandas 2.1.0 for details. Specify future_stack=True to adopt the new implementation and silence this warning.
  long = sales_clean.stack(dropna=False).reset_index()
[I 2026-04-21 16:29:07,120] Trial 11 finished with value: 3622.55 and parameters: {'w_ma': 0.25255202750975225, 'w_lgb_share': 0.5737296858874217, 'multiplier': 1.0817372972348562, 'safety_units': 0.5813913060959415, 'lgb_n_estimators': 257, 'lgb_lr': 0.05101034724277597, 'lgb_num_leaves': 30, 'lgb_min_child_samples': 9, 'lgb_subsample': 0.7869083576241456, 'lgb_colsample': 0.9471102889462563, 'lgb_reg_alpha': 0.10930391177539876, 'lgb_reg_lambda': 0.04800879616285846, 'cb_iterations': 165, 'cb_lr': 0.09153271812090918, 'cb_depth': 7, 'cb_l2': 2.0295242801296838}. Best is trial 2 with value: 3621.6499999999996.
J:\Toni\Vibing\VN2_Opus\forecaster.py:57: FutureWarning: The previous implementation of stack is deprecated and will be removed in a future version of pandas. See the What's New notes for pandas 2.1.0 for details. Specify future_stack=True to adopt the new implementation and silence this warning.
  long = sales_clean.stack(dropna=False).reset_index()
J:\Toni\Vibing\VN2_Opus\forecaster.py:57: FutureWarning: The previous implementation of stack is deprecated and will be removed in a future version of pandas. See the What's New notes for pandas 2.1.0 for details. Specify future_stack=True to adopt the new implementation and silence this warning.
  long = sales_clean.stack(dropna=False).reset_index()
J:\Toni\Vibing\VN2_Opus\forecaster.py:57: FutureWarning: The previous implementation of stack is deprecated and will be removed in a future version of pandas. See the What's New notes for pandas 2.1.0 for details. Specify future_stack=True to adopt the new implementation and silence this warning.
  long = sales_clean.stack(dropna=False).reset_index()
J:\Toni\Vibing\VN2_Opus\forecaster.py:57: FutureWarning: The previous implementation of stack is deprecated and will be removed in a future version of pandas. See the What's New notes for pandas 2.1.0 for details. Specify future_stack=True to adopt the new implementation and silence this warning.
  long = sales_clean.stack(dropna=False).reset_index()
[I 2026-04-21 16:29:20,270] Trial 12 finished with value: 3642.0 and parameters: {'w_ma': 0.2125365047810452, 'w_lgb_share': 0.5653757520231861, 'multiplier': 1.094998443311157, 'safety_units': 0.4650558406584023, 'lgb_n_estimators': 259, 'lgb_lr': 0.05951994421516335, 'lgb_num_leaves': 26, 'lgb_min_child_samples': 8, 'lgb_subsample': 0.7817170990586831, 'lgb_colsample': 0.9423958413181036, 'lgb_reg_alpha': 0.12305998322298536, 'lgb_reg_lambda': 0.12974457212271603, 'cb_iterations': 166, 'cb_lr': 0.09566334584810225, 'cb_depth': 7, 'cb_l2': 2.0146350912704336}. Best is trial 2 with value: 3621.6499999999996.
J:\Toni\Vibing\VN2_Opus\forecaster.py:57: FutureWarning: The previous implementation of stack is deprecated and will be removed in a future version of pandas. See the What's New notes for pandas 2.1.0 for details. Specify future_stack=True to adopt the new implementation and silence this warning.
  long = sales_clean.stack(dropna=False).reset_index()
J:\Toni\Vibing\VN2_Opus\forecaster.py:57: FutureWarning: The previous implementation of stack is deprecated and will be removed in a future version of pandas. See the What's New notes for pandas 2.1.0 for details. Specify future_stack=True to adopt the new implementation and silence this warning.
  long = sales_clean.stack(dropna=False).reset_index()
J:\Toni\Vibing\VN2_Opus\forecaster.py:57: FutureWarning: The previous implementation of stack is deprecated and will be removed in a future version of pandas. See the What's New notes for pandas 2.1.0 for details. Specify future_stack=True to adopt the new implementation and silence this warning.
  long = sales_clean.stack(dropna=False).reset_index()
J:\Toni\Vibing\VN2_Opus\forecaster.py:57: FutureWarning: The previous implementation of stack is deprecated and will be removed in a future version of pandas. See the What's New notes for pandas 2.1.0 for details. Specify future_stack=True to adopt the new implementation and silence this warning.
  long = sales_clean.stack(dropna=False).reset_index()
[I 2026-04-21 16:29:36,504] Trial 13 finished with value: 3696.2000000000003 and parameters: {'w_ma': 0.2103213629121215, 'w_lgb_share': 0.5695813733395935, 'multiplier': 1.114306993225152, 'safety_units': 0.8594087358349092, 'lgb_n_estimators': 288, 'lgb_lr': 0.031468480952940366, 'lgb_num_leaves': 31, 'lgb_min_child_samples': 13, 'lgb_subsample': 0.8620686695388826, 'lgb_colsample': 0.8803533410037404, 'lgb_reg_alpha': 0.29547903151062715, 'lgb_reg_lambda': 0.2659539935040305, 'cb_iterations': 266, 'cb_lr': 0.07198394964142925, 'cb_depth': 7, 'cb_l2': 2.058770404235542}. Best is trial 2 with value: 3621.6499999999996.
J:\Toni\Vibing\VN2_Opus\forecaster.py:57: FutureWarning: The previous implementation of stack is deprecated and will be removed in a future version of pandas. See the What's New notes for pandas 2.1.0 for details. Specify future_stack=True to adopt the new implementation and silence this warning.
  long = sales_clean.stack(dropna=False).reset_index()
J:\Toni\Vibing\VN2_Opus\forecaster.py:57: FutureWarning: The previous implementation of stack is deprecated and will be removed in a future version of pandas. See the What's New notes for pandas 2.1.0 for details. Specify future_stack=True to adopt the new implementation and silence this warning.
  long = sales_clean.stack(dropna=False).reset_index()
J:\Toni\Vibing\VN2_Opus\forecaster.py:57: FutureWarning: The previous implementation of stack is deprecated and will be removed in a future version of pandas. See the What's New notes for pandas 2.1.0 for details. Specify future_stack=True to adopt the new implementation and silence this warning.
  long = sales_clean.stack(dropna=False).reset_index()
J:\Toni\Vibing\VN2_Opus\forecaster.py:57: FutureWarning: The previous implementation of stack is deprecated and will be removed in a future version of pandas. See the What's New notes for pandas 2.1.0 for details. Specify future_stack=True to adopt the new implementation and silence this warning.
  long = sales_clean.stack(dropna=False).reset_index()
[I 2026-04-21 16:29:50,600] Trial 14 finished with value: 3684.75 and parameters: {'w_ma': 0.3474870047749844, 'w_lgb_share': 0.7841792391784613, 'multiplier': 1.0855886030800606, 'safety_units': 0.761237646209035, 'lgb_n_estimators': 240, 'lgb_lr': 0.04194284973189465, 'lgb_num_leaves': 26, 'lgb_min_child_samples': 20, 'lgb_subsample': 0.7547945045891832, 'lgb_colsample': 0.9413081294697986, 'lgb_reg_alpha': 0.10217848168103105, 'lgb_reg_lambda': 0.2523441088810436, 'cb_iterations': 152, 'cb_lr': 0.0811844021406037, 'cb_depth': 7, 'cb_l2': 3.9749046739167233}. Best is trial 2 with value: 3621.6499999999996.
J:\Toni\Vibing\VN2_Opus\forecaster.py:57: FutureWarning: The previous implementation of stack is deprecated and will be removed in a future version of pandas. See the What's New notes for pandas 2.1.0 for details. Specify future_stack=True to adopt the new implementation and silence this warning.
  long = sales_clean.stack(dropna=False).reset_index()
J:\Toni\Vibing\VN2_Opus\forecaster.py:57: FutureWarning: The previous implementation of stack is deprecated and will be removed in a future version of pandas. See the What's New notes for pandas 2.1.0 for details. Specify future_stack=True to adopt the new implementation and silence this warning.
  long = sales_clean.stack(dropna=False).reset_index()
J:\Toni\Vibing\VN2_Opus\forecaster.py:57: FutureWarning: The previous implementation of stack is deprecated and will be removed in a future version of pandas. See the What's New notes for pandas 2.1.0 for details. Specify future_stack=True to adopt the new implementation and silence this warning.
  long = sales_clean.stack(dropna=False).reset_index()
J:\Toni\Vibing\VN2_Opus\forecaster.py:57: FutureWarning: The previous implementation of stack is deprecated and will be removed in a future version of pandas. See the What's New notes for pandas 2.1.0 for details. Specify future_stack=True to adopt the new implementation and silence this warning.
  long = sales_clean.stack(dropna=False).reset_index()
[I 2026-04-21 16:30:03,833] Trial 15 finished with value: 3617.4500000000003 and parameters: {'w_ma': 0.2606457279368368, 'w_lgb_share': 0.5871221975359431, 'multiplier': 1.0566316410456784, 'safety_units': 0.3020454313843244, 'lgb_n_estimators': 236, 'lgb_lr': 0.051958094807713705, 'lgb_num_leaves': 33, 'lgb_min_child_samples': 12, 'lgb_subsample': 0.8134151339375717, 'lgb_colsample': 0.8997690668786013, 'lgb_reg_alpha': 0.23451813894614454, 'lgb_reg_lambda': 0.10667342974418059, 'cb_iterations': 241, 'cb_lr': 0.059211597598653985, 'cb_depth': 5, 'cb_l2': 5.839080032346741}. Best is trial 15 with value: 3617.4500000000003.
J:\Toni\Vibing\VN2_Opus\forecaster.py:57: FutureWarning: The previous implementation of stack is deprecated and will be removed in a future version of pandas. See the What's New notes for pandas 2.1.0 for details. Specify future_stack=True to adopt the new implementation and silence this warning.
  long = sales_clean.stack(dropna=False).reset_index()
J:\Toni\Vibing\VN2_Opus\forecaster.py:57: FutureWarning: The previous implementation of stack is deprecated and will be removed in a future version of pandas. See the What's New notes for pandas 2.1.0 for details. Specify future_stack=True to adopt the new implementation and silence this warning.
  long = sales_clean.stack(dropna=False).reset_index()
J:\Toni\Vibing\VN2_Opus\forecaster.py:57: FutureWarning: The previous implementation of stack is deprecated and will be removed in a future version of pandas. See the What's New notes for pandas 2.1.0 for details. Specify future_stack=True to adopt the new implementation and silence this warning.
  long = sales_clean.stack(dropna=False).reset_index()
J:\Toni\Vibing\VN2_Opus\forecaster.py:57: FutureWarning: The previous implementation of stack is deprecated and will be removed in a future version of pandas. See the What's New notes for pandas 2.1.0 for details. Specify future_stack=True to adopt the new implementation and silence this warning.
  long = sales_clean.stack(dropna=False).reset_index()
[I 2026-04-21 16:30:15,374] Trial 16 finished with value: 3621.3500000000004 and parameters: {'w_ma': 0.19321088792499538, 'w_lgb_share': 0.4774581124690911, 'multiplier': 1.0484242496147125, 'safety_units': 0.2925354872020189, 'lgb_n_estimators': 238, 'lgb_lr': 0.0779401757053905, 'lgb_num_leaves': 24, 'lgb_min_child_samples': 13, 'lgb_subsample': 0.879684883323062, 'lgb_colsample': 0.8448540568445341, 'lgb_reg_alpha': 0.2694963128338979, 'lgb_reg_lambda': 0.16618382268736898, 'cb_iterations': 239, 'cb_lr': 0.05739087456177081, 'cb_depth': 5, 'cb_l2': 6.066197320027573}. Best is trial 15 with value: 3617.4500000000003.
J:\Toni\Vibing\VN2_Opus\forecaster.py:57: FutureWarning: The previous implementation of stack is deprecated and will be removed in a future version of pandas. See the What's New notes for pandas 2.1.0 for details. Specify future_stack=True to adopt the new implementation and silence this warning.
  long = sales_clean.stack(dropna=False).reset_index()
J:\Toni\Vibing\VN2_Opus\forecaster.py:57: FutureWarning: The previous implementation of stack is deprecated and will be removed in a future version of pandas. See the What's New notes for pandas 2.1.0 for details. Specify future_stack=True to adopt the new implementation and silence this warning.
  long = sales_clean.stack(dropna=False).reset_index()
J:\Toni\Vibing\VN2_Opus\forecaster.py:57: FutureWarning: The previous implementation of stack is deprecated and will be removed in a future version of pandas. See the What's New notes for pandas 2.1.0 for details. Specify future_stack=True to adopt the new implementation and silence this warning.
  long = sales_clean.stack(dropna=False).reset_index()
J:\Toni\Vibing\VN2_Opus\forecaster.py:57: FutureWarning: The previous implementation of stack is deprecated and will be removed in a future version of pandas. See the What's New notes for pandas 2.1.0 for details. Specify future_stack=True to adopt the new implementation and silence this warning.
  long = sales_clean.stack(dropna=False).reset_index()
[I 2026-04-21 16:30:34,241] Trial 17 finished with value: 3645.6500000000005 and parameters: {'w_ma': 0.18516967755901942, 'w_lgb_share': 0.43408048042440395, 'multiplier': 1.0361061641665383, 'safety_units': 0.25179697268795753, 'lgb_n_estimators': 233, 'lgb_lr': 0.0789338478138121, 'lgb_num_leaves': 34, 'lgb_min_child_samples': 12, 'lgb_subsample': 0.8699897395118878, 'lgb_colsample': 0.8479280862124833, 'lgb_reg_alpha': 0.27519320994692575, 'lgb_reg_lambda': 0.14857866133738187, 'cb_iterations': 240, 'cb_lr': 0.058827302679524955, 'cb_depth': 5, 'cb_l2': 6.18655816395949}. Best is trial 15 with value: 3617.4500000000003.
J:\Toni\Vibing\VN2_Opus\forecaster.py:57: FutureWarning: The previous implementation of stack is deprecated and will be removed in a future version of pandas. See the What's New notes for pandas 2.1.0 for details. Specify future_stack=True to adopt the new implementation and silence this warning.
  long = sales_clean.stack(dropna=False).reset_index()
J:\Toni\Vibing\VN2_Opus\forecaster.py:57: FutureWarning: The previous implementation of stack is deprecated and will be removed in a future version of pandas. See the What's New notes for pandas 2.1.0 for details. Specify future_stack=True to adopt the new implementation and silence this warning.
  long = sales_clean.stack(dropna=False).reset_index()
J:\Toni\Vibing\VN2_Opus\forecaster.py:57: FutureWarning: The previous implementation of stack is deprecated and will be removed in a future version of pandas. See the What's New notes for pandas 2.1.0 for details. Specify future_stack=True to adopt the new implementation and silence this warning.
  long = sales_clean.stack(dropna=False).reset_index()
J:\Toni\Vibing\VN2_Opus\forecaster.py:57: FutureWarning: The previous implementation of stack is deprecated and will be removed in a future version of pandas. See the What's New notes for pandas 2.1.0 for details. Specify future_stack=True to adopt the new implementation and silence this warning.
  long = sales_clean.stack(dropna=False).reset_index()
[I 2026-04-21 16:30:45,984] Trial 18 finished with value: 3664.3999999999996 and parameters: {'w_ma': 0.19791569295589817, 'w_lgb_share': 0.48298516236214295, 'multiplier': 1.0475050408598743, 'safety_units': 0.03608916691070435, 'lgb_n_estimators': 233, 'lgb_lr': 0.07437690973855969, 'lgb_num_leaves': 23, 'lgb_min_child_samples': 15, 'lgb_subsample': 0.8980089429729894, 'lgb_colsample': 0.8480689452865229, 'lgb_reg_alpha': 0.3634251981592478, 'lgb_reg_lambda': 0.10081888584047599, 'cb_iterations': 231, 'cb_lr': 0.06836419157833218, 'cb_depth': 5, 'cb_l2': 7.839590077362333}. Best is trial 15 with value: 3617.4500000000003.
J:\Toni\Vibing\VN2_Opus\forecaster.py:57: FutureWarning: The previous implementation of stack is deprecated and will be removed in a future version of pandas. See the What's New notes for pandas 2.1.0 for details. Specify future_stack=True to adopt the new implementation and silence this warning.
  long = sales_clean.stack(dropna=False).reset_index()
J:\Toni\Vibing\VN2_Opus\forecaster.py:57: FutureWarning: The previous implementation of stack is deprecated and will be removed in a future version of pandas. See the What's New notes for pandas 2.1.0 for details. Specify future_stack=True to adopt the new implementation and silence this warning.
  long = sales_clean.stack(dropna=False).reset_index()
J:\Toni\Vibing\VN2_Opus\forecaster.py:57: FutureWarning: The previous implementation of stack is deprecated and will be removed in a future version of pandas. See the What's New notes for pandas 2.1.0 for details. Specify future_stack=True to adopt the new implementation and silence this warning.
  long = sales_clean.stack(dropna=False).reset_index()
J:\Toni\Vibing\VN2_Opus\forecaster.py:57: FutureWarning: The previous implementation of stack is deprecated and will be removed in a future version of pandas. See the What's New notes for pandas 2.1.0 for details. Specify future_stack=True to adopt the new implementation and silence this warning.
  long = sales_clean.stack(dropna=False).reset_index()
[I 2026-04-21 16:31:02,945] Trial 19 finished with value: 3653.0500000000006 and parameters: {'w_ma': 0.275868352726695, 'w_lgb_share': 0.5070684709809017, 'multiplier': 1.0218220383710774, 'safety_units': 0.2892595647402004, 'lgb_n_estimators': 304, 'lgb_lr': 0.05748110886977218, 'lgb_num_leaves': 20, 'lgb_min_child_samples': 11, 'lgb_subsample': 0.8345291893432413, 'lgb_colsample': 0.7896695880462968, 'lgb_reg_alpha': 0.23084756173292895, 'lgb_reg_lambda': 0.18414304984562058, 'cb_iterations': 284, 'cb_lr': 0.04695840676013579, 'cb_depth': 5, 'cb_l2': 5.709304058530321}. Best is trial 15 with value: 3617.4500000000003.
J:\Toni\Vibing\VN2_Opus\forecaster.py:57: FutureWarning: The previous implementation of stack is deprecated and will be removed in a future version of pandas. See the What's New notes for pandas 2.1.0 for details. Specify future_stack=True to adopt the new implementation and silence this warning.
  long = sales_clean.stack(dropna=False).reset_index()
J:\Toni\Vibing\VN2_Opus\forecaster.py:57: FutureWarning: The previous implementation of stack is deprecated and will be removed in a future version of pandas. See the What's New notes for pandas 2.1.0 for details. Specify future_stack=True to adopt the new implementation and silence this warning.
  long = sales_clean.stack(dropna=False).reset_index()
J:\Toni\Vibing\VN2_Opus\forecaster.py:57: FutureWarning: The previous implementation of stack is deprecated and will be removed in a future version of pandas. See the What's New notes for pandas 2.1.0 for details. Specify future_stack=True to adopt the new implementation and silence this warning.
  long = sales_clean.stack(dropna=False).reset_index()
J:\Toni\Vibing\VN2_Opus\forecaster.py:57: FutureWarning: The previous implementation of stack is deprecated and will be removed in a future version of pandas. See the What's New notes for pandas 2.1.0 for details. Specify future_stack=True to adopt the new implementation and silence this warning.
  long = sales_clean.stack(dropna=False).reset_index()
