[I 2026-04-21 16:33:38,426] Trial 30 finished with value: 3639.9000000000005 and parameters: {'w_ma': 0.33545164821548445, 'w_lgb_share': 0.5877393784224649, 'multiplier': 1.0925112057744417, 'safety_units': 0.6900371228402675, 'lgb_n_estimators': 250, 'lgb_lr': 0.05535148029093087, 'lgb_num_leaves': 24, 'lgb_min_child_samples': 11, 'lgb_subsample': 0.8805470039359236, 'lgb_colsample': 0.9226130205306817, 'lgb_reg_alpha': 0.24610890580703026, 'lgb_reg_lambda': 0.0673560664855112, 'cb_iterations': 293, 'cb_lr': 0.08037570370326934, 'cb_depth': 5, 'cb_l2': 4.289940905488516}. Best is trial 15 with value: 3617.4500000000003.
J:\Toni\Vibing\VN2_Opus\forecaster.py:57: FutureWarning: The previous implementation of stack is deprecated and will be removed in a future version of pandas. See the What's New notes for pandas 2.1.0 for details. Specify future_stack=True to adopt the new implementation and silence this warning.
  long = sales_clean.stack(dropna=False).reset_index()
J:\Toni\Vibing\VN2_Opus\forecaster.py:57: FutureWarning: The previous implementation of stack is deprecated and will be removed in a future version of pandas. See the What's New notes for pandas 2.1.0 for details. Specify future_stack=True to adopt the new implementation and silence this warning.
  long = sales_clean.stack(dropna=False).reset_index()
J:\Toni\Vibing\VN2_Opus\forecaster.py:57: FutureWarning: The previous implementation of stack is deprecated and will be removed in a future version of pandas. See the What's New notes for pandas 2.1.0 for details. Specify future_stack=True to adopt the new implementation and silence this warning.
  long = sales_clean.stack(dropna=False).reset_index()
