[I 2026-04-21 16:31:14,703] Trial 20 finished with value: 3755.4000000000005 and parameters: {'w_ma': 0.22823758848117107, 'w_lgb_share': 0.6026109936199172, 'multiplier': 1.0038102899062191, 'safety_units': 0.00834631618979964, 'lgb_n_estimators': 189, 'lgb_lr': 0.08732658187930051, 'lgb_num_leaves': 34, 'lgb_min_child_samples': 20, 'lgb_subsample': 0.9470728645241978, 'lgb_colsample': 0.853115152592539, 'lgb_reg_alpha': 0.3211383683152219, 'lgb_reg_lambda': 0.30667023878271665, 'cb_iterations': 217, 'cb_lr': 0.057235677385808224, 'cb_depth': 5, 'cb_l2': 5.715352325820639}. Best is trial 15 with value: 3617.4500000000003.
J:\Toni\Vibing\VN2_Opus\forecaster.py:57: FutureWarning: The previous implementation of stack is deprecated and will be removed in a future version of pandas. See the What's New notes for pandas 2.1.0 for details. Specify future_stack=True to adopt the new implementation and silence this warning.
  long = sales_clean.stack(dropna=False).reset_index()
J:\Toni\Vibing\VN2_Opus\forecaster.py:57: FutureWarning: The previous implementation of stack is deprecated and will be removed in a future version of pandas. See the What's New notes for pandas 2.1.0 for details. Specify future_stack=True to adopt the new implementation and silence this warning.
  long = sales_clean.stack(dropna=False).reset_index()
J:\Toni\Vibing\VN2_Opus\forecaster.py:57: FutureWarning: The previous implementation of stack is deprecated and will be removed in a future version of pandas. See the What's New notes for pandas 2.1.0 for details. Specify future_stack=True to adopt the new implementation and silence this warning.
  long = sales_clean.stack(dropna=False).reset_index()
J:\Toni\Vibing\VN2_Opus\forecaster.py:57: FutureWarning: The previous implementation of stack is deprecated and will be removed in a future version of pandas. See the What's New notes for pandas 2.1.0 for details. Specify future_stack=True to adopt the new implementation and silence this warning.
  long = sales_clean.stack(dropna=False).reset_index()
[I 2026-04-21 16:31:28,269] Trial 21 finished with value: 3628.3500000000004 and parameters: {'w_ma': 0.23813622710142388, 'w_lgb_share': 0.628128831776596, 'multiplier': 1.0625911823830565, 'safety_units': 0.42420507770578053, 'lgb_n_estimators': 272, 'lgb_lr': 0.03964337901191778, 'lgb_num_leaves': 26, 'lgb_min_child_samples': 15, 'lgb_subsample': 0.8157354586345856, 'lgb_colsample': 0.9050660364401393, 'lgb_reg_alpha': 0.2553094523096271, 'lgb_reg_lambda': 0.2059771845711414, 'cb_iterations': 273, 'cb_lr': 0.045423462009329736, 'cb_depth': 5, 'cb_l2': 4.783538125480706}. Best is trial 15 with value: 3617.4500000000003.
J:\Toni\Vibing\VN2_Opus\forecaster.py:57: FutureWarning: The previous implementation of stack is deprecated and will be removed in a future version of pandas. See the What's New notes for pandas 2.1.0 for details. Specify future_stack=True to adopt the new implementation and silence this warning.
  long = sales_clean.stack(dropna=False).reset_index()
J:\Toni\Vibing\VN2_Opus\forecaster.py:57: FutureWarning: The previous implementation of stack is deprecated and will be removed in a future version of pandas. See the What's New notes for pandas 2.1.0 for details. Specify future_stack=True to adopt the new implementation and silence this warning.
  long = sales_clean.stack(dropna=False).reset_index()
J:\Toni\Vibing\VN2_Opus\forecaster.py:57: FutureWarning: The previous implementation of stack is deprecated and will be removed in a future version of pandas. See the What's New notes for pandas 2.1.0 for details. Specify future_stack=True to adopt the new implementation and silence this warning.
  long = sales_clean.stack(dropna=False).reset_index()
J:\Toni\Vibing\VN2_Opus\forecaster.py:57: FutureWarning: The previous implementation of stack is deprecated and will be removed in a future version of pandas. See the What's New notes for pandas 2.1.0 for details. Specify future_stack=True to adopt the new implementation and silence this warning.
  long = sales_clean.stack(dropna=False).reset_index()
[I 2026-04-21 16:31:43,578] Trial 22 finished with value: 3636.05 and parameters: {'w_ma': 0.3385580683205146, 'w_lgb_share': 0.5286990576661988, 'multiplier': 1.0624001643462133, 'safety_units': 0.46031605304469514, 'lgb_n_estimators': 218, 'lgb_lr': 0.054476677812313454, 'lgb_num_leaves': 28, 'lgb_min_child_samples': 14, 'lgb_subsample': 0.8767103989410748, 'lgb_colsample': 0.9030037812171734, 'lgb_reg_alpha': 0.3642169635218125, 'lgb_reg_lambda': 0.08989303730126905, 'cb_iterations': 249, 'cb_lr': 0.030197808573809517, 'cb_depth': 6, 'cb_l2': 6.482374357897328}. Best is trial 15 with value: 3617.4500000000003.
J:\Toni\Vibing\VN2_Opus\forecaster.py:57: FutureWarning: The previous implementation of stack is deprecated and will be removed in a future version of pandas. See the What's New notes for pandas 2.1.0 for details. Specify future_stack=True to adopt the new implementation and silence this warning.
  long = sales_clean.stack(dropna=False).reset_index()
J:\Toni\Vibing\VN2_Opus\forecaster.py:57: FutureWarning: The previous implementation of stack is deprecated and will be removed in a future version of pandas. See the What's New notes for pandas 2.1.0 for details. Specify future_stack=True to adopt the new implementation and silence this warning.
  long = sales_clean.stack(dropna=False).reset_index()
J:\Toni\Vibing\VN2_Opus\forecaster.py:57: FutureWarning: The previous implementation of stack is deprecated and will be removed in a future version of pandas. See the What's New notes for pandas 2.1.0 for details. Specify future_stack=True to adopt the new implementation and silence this warning.
  long = sales_clean.stack(dropna=False).reset_index()
J:\Toni\Vibing\VN2_Opus\forecaster.py:57: FutureWarning: The previous implementation of stack is deprecated and will be removed in a future version of pandas. See the What's New notes for pandas 2.1.0 for details. Specify future_stack=True to adopt the new implementation and silence this warning.
  long = sales_clean.stack(dropna=False).reset_index()
[I 2026-04-21 16:31:58,224] Trial 23 finished with value: 3627.25 and parameters: {'w_ma': 0.18121509047525108, 'w_lgb_share': 0.7816460458058598, 'multiplier': 1.0515424491447296, 'safety_units': 0.19559730310452622, 'lgb_n_estimators': 250, 'lgb_lr': 0.03080966715275005, 'lgb_num_leaves': 28, 'lgb_min_child_samples': 12, 'lgb_subsample': 0.8129369909118689, 'lgb_colsample': 0.8689530468606287, 'lgb_reg_alpha': 0.15248513174293576, 'lgb_reg_lambda': 0.2999884353743616, 'cb_iterations': 284, 'cb_lr': 0.06394667181840662, 'cb_depth': 5, 'cb_l2': 5.587336762906353}. Best is trial 15 with value: 3617.4500000000003.
J:\Toni\Vibing\VN2_Opus\forecaster.py:57: FutureWarning: The previous implementation of stack is deprecated and will be removed in a future version of pandas. See the What's New notes for pandas 2.1.0 for details. Specify future_stack=True to adopt the new implementation and silence this warning.
  long = sales_clean.stack(dropna=False).reset_index()
J:\Toni\Vibing\VN2_Opus\forecaster.py:57: FutureWarning: The previous implementation of stack is deprecated and will be removed in a future version of pandas. See the What's New notes for pandas 2.1.0 for details. Specify future_stack=True to adopt the new implementation and silence this warning.
  long = sales_clean.stack(dropna=False).reset_index()
J:\Toni\Vibing\VN2_Opus\forecaster.py:57: FutureWarning: The previous implementation of stack is deprecated and will be removed in a future version of pandas. See the What's New notes for pandas 2.1.0 for details. Specify future_stack=True to adopt the new implementation and silence this warning.
  long = sales_clean.stack(dropna=False).reset_index()
J:\Toni\Vibing\VN2_Opus\forecaster.py:57: FutureWarning: The previous implementation of stack is deprecated and will be removed in a future version of pandas. See the What's New notes for pandas 2.1.0 for details. Specify future_stack=True to adopt the new implementation and silence this warning.
  long = sales_clean.stack(dropna=False).reset_index()
[I 2026-04-21 16:32:10,781] Trial 24 finished with value: 3645.7999999999997 and parameters: {'w_ma': 0.2521266257039219, 'w_lgb_share': 0.45934906149131344, 'multiplier': 1.025430030421608, 'safety_units': 0.3409730730008394, 'lgb_n_estimators': 295, 'lgb_lr': 0.06469487196220665, 'lgb_num_leaves': 23, 'lgb_min_child_samples': 16, 'lgb_subsample': 0.8424133873924528, 'lgb_colsample': 0.9182760999139205, 'lgb_reg_alpha': 0.4443096783813314, 'lgb_reg_lambda': 0.22039954966787778, 'cb_iterations': 249, 'cb_lr': 0.0743330875747062, 'cb_depth': 6, 'cb_l2': 7.240550605928713}. Best is trial 15 with value: 3617.4500000000003.
J:\Toni\Vibing\VN2_Opus\forecaster.py:57: FutureWarning: The previous implementation of stack is deprecated and will be removed in a future version of pandas. See the What's New notes for pandas 2.1.0 for details. Specify future_stack=True to adopt the new implementation and silence this warning.
  long = sales_clean.stack(dropna=False).reset_index()
J:\Toni\Vibing\VN2_Opus\forecaster.py:57: FutureWarning: The previous implementation of stack is deprecated and will be removed in a future version of pandas. See the What's New notes for pandas 2.1.0 for details. Specify future_stack=True to adopt the new implementation and silence this warning.
  long = sales_clean.stack(dropna=False).reset_index()
J:\Toni\Vibing\VN2_Opus\forecaster.py:57: FutureWarning: The previous implementation of stack is deprecated and will be removed in a future version of pandas. See the What's New notes for pandas 2.1.0 for details. Specify future_stack=True to adopt the new implementation and silence this warning.
  long = sales_clean.stack(dropna=False).reset_index()
J:\Toni\Vibing\VN2_Opus\forecaster.py:57: FutureWarning: The previous implementation of stack is deprecated and will be removed in a future version of pandas. See the What's New notes for pandas 2.1.0 for details. Specify future_stack=True to adopt the new implementation and silence this warning.
  long = sales_clean.stack(dropna=False).reset_index()
[I 2026-04-21 16:32:26,065] Trial 25 finished with value: 3653.2 and parameters: {'w_ma': 0.1512807574895122, 'w_lgb_share': 0.6420735189268175, 'multiplier': 1.0673849309304815, 'safety_units': 0.4273848179802556, 'lgb_n_estimators': 321, 'lgb_lr': 0.048267441470276846, 'lgb_num_leaves': 32, 'lgb_min_child_samples': 13, 'lgb_subsample': 0.7602140863072124, 'lgb_colsample': 0.8389766584499533, 'lgb_reg_alpha': 0.21586665553869194, 'lgb_reg_lambda': 0.1261271086752085, 'cb_iterations': 218, 'cb_lr': 0.05266937690999994, 'cb_depth': 7, 'cb_l2': 4.526434121509218}. Best is trial 15 with value: 3617.4500000000003.
J:\Toni\Vibing\VN2_Opus\forecaster.py:57: FutureWarning: The previous implementation of stack is deprecated and will be removed in a future version of pandas. See the What's New notes for pandas 2.1.0 for details. Specify future_stack=True to adopt the new implementation and silence this warning.
  long = sales_clean.stack(dropna=False).reset_index()
J:\Toni\Vibing\VN2_Opus\forecaster.py:57: FutureWarning: The previous implementation of stack is deprecated and will be removed in a future version of pandas. See the What's New notes for pandas 2.1.0 for details. Specify future_stack=True to adopt the new implementation and silence this warning.
  long = sales_clean.stack(dropna=False).reset_index()
J:\Toni\Vibing\VN2_Opus\forecaster.py:57: FutureWarning: The previous implementation of stack is deprecated and will be removed in a future version of pandas. See the What's New notes for pandas 2.1.0 for details. Specify future_stack=True to adopt the new implementation and silence this warning.
  long = sales_clean.stack(dropna=False).reset_index()
J:\Toni\Vibing\VN2_Opus\forecaster.py:57: FutureWarning: The previous implementation of stack is deprecated and will be removed in a future version of pandas. See the What's New notes for pandas 2.1.0 for details. Specify future_stack=True to adopt the new implementation and silence this warning.
  long = sales_clean.stack(dropna=False).reset_index()
[I 2026-04-21 16:32:38,421] Trial 26 finished with value: 3637.75 and parameters: {'w_ma': 0.2768411906118262, 'w_lgb_share': 0.5360484595064049, 'multiplier': 1.0412194782913167, 'safety_units': 0.6955543602538596, 'lgb_n_estimators': 270, 'lgb_lr': 0.07434947615053172, 'lgb_num_leaves': 25, 'lgb_min_child_samples': 10, 'lgb_subsample': 0.888613110554936, 'lgb_colsample': 0.8855820340853083, 'lgb_reg_alpha': 0.40856863605145577, 'lgb_reg_lambda': 0.28857757037391396, 'cb_iterations': 277, 'cb_lr': 0.03715398005522043, 'cb_depth': 5, 'cb_l2': 6.092462154010146}. Best is trial 15 with value: 3617.4500000000003.
J:\Toni\Vibing\VN2_Opus\forecaster.py:57: FutureWarning: The previous implementation of stack is deprecated and will be removed in a future version of pandas. See the What's New notes for pandas 2.1.0 for details. Specify future_stack=True to adopt the new implementation and silence this warning.
  long = sales_clean.stack(dropna=False).reset_index()
J:\Toni\Vibing\VN2_Opus\forecaster.py:57: FutureWarning: The previous implementation of stack is deprecated and will be removed in a future version of pandas. See the What's New notes for pandas 2.1.0 for details. Specify future_stack=True to adopt the new implementation and silence this warning.
  long = sales_clean.stack(dropna=False).reset_index()
J:\Toni\Vibing\VN2_Opus\forecaster.py:57: FutureWarning: The previous implementation of stack is deprecated and will be removed in a future version of pandas. See the What's New notes for pandas 2.1.0 for details. Specify future_stack=True to adopt the new implementation and silence this warning.
  long = sales_clean.stack(dropna=False).reset_index()
J:\Toni\Vibing\VN2_Opus\forecaster.py:57: FutureWarning: The previous implementation of stack is deprecated and will be removed in a future version of pandas. See the What's New notes for pandas 2.1.0 for details. Specify future_stack=True to adopt the new implementation and silence this warning.
  long = sales_clean.stack(dropna=False).reset_index()
[I 2026-04-21 16:33:00,417] Trial 27 finished with value: 3721.55 and parameters: {'w_ma': 0.21383146267436837, 'w_lgb_share': 0.7350150739232268, 'multiplier': 1.0550583766887132, 'safety_units': 1.0020425627710932, 'lgb_n_estimators': 229, 'lgb_lr': 0.09679960339295929, 'lgb_num_leaves': 29, 'lgb_min_child_samples': 18, 'lgb_subsample': 0.8051399917078293, 'lgb_colsample': 0.8623885151378567, 'lgb_reg_alpha': 0.07017357890662504, 'lgb_reg_lambda': 0.18488297316576185, 'cb_iterations': 259, 'cb_lr': 0.054354687352074396, 'cb_depth': 8, 'cb_l2': 5.423128334554249}. Best is trial 15 with value: 3617.4500000000003.
J:\Toni\Vibing\VN2_Opus\forecaster.py:57: FutureWarning: The previous implementation of stack is deprecated and will be removed in a future version of pandas. See the What's New notes for pandas 2.1.0 for details. Specify future_stack=True to adopt the new implementation and silence this warning.
  long = sales_clean.stack(dropna=False).reset_index()
J:\Toni\Vibing\VN2_Opus\forecaster.py:57: FutureWarning: The previous implementation of stack is deprecated and will be removed in a future version of pandas. See the What's New notes for pandas 2.1.0 for details. Specify future_stack=True to adopt the new implementation and silence this warning.
  long = sales_clean.stack(dropna=False).reset_index()
J:\Toni\Vibing\VN2_Opus\forecaster.py:57: FutureWarning: The previous implementation of stack is deprecated and will be removed in a future version of pandas. See the What's New notes for pandas 2.1.0 for details. Specify future_stack=True to adopt the new implementation and silence this warning.
  long = sales_clean.stack(dropna=False).reset_index()
J:\Toni\Vibing\VN2_Opus\forecaster.py:57: FutureWarning: The previous implementation of stack is deprecated and will be removed in a future version of pandas. See the What's New notes for pandas 2.1.0 for details. Specify future_stack=True to adopt the new implementation and silence this warning.
  long = sales_clean.stack(dropna=False).reset_index()
[I 2026-04-21 16:33:14,697] Trial 28 finished with value: 3621.1000000000004 and parameters: {'w_ma': 0.31215051923640685, 'w_lgb_share': 0.5973434896112119, 'multiplier': 1.0750382414278776, 'safety_units': 0.16805673757008188, 'lgb_n_estimators': 248, 'lgb_lr': 0.03535400386645625, 'lgb_num_leaves': 24, 'lgb_min_child_samples': 14, 'lgb_subsample': 0.8571370615096641, 'lgb_colsample': 0.8900442041044305, 'lgb_reg_alpha': 0.2881110488839376, 'lgb_reg_lambda': 0.07829509249822378, 'cb_iterations': 295, 'cb_lr': 0.08078515370486598, 'cb_depth': 6, 'cb_l2': 3.4839967851824376}. Best is trial 15 with value: 3617.4500000000003.
J:\Toni\Vibing\VN2_Opus\forecaster.py:57: FutureWarning: The previous implementation of stack is deprecated and will be removed in a future version of pandas. See the What's New notes for pandas 2.1.0 for details. Specify future_stack=True to adopt the new implementation and silence this warning.
  long = sales_clean.stack(dropna=False).reset_index()
J:\Toni\Vibing\VN2_Opus\forecaster.py:57: FutureWarning: The previous implementation of stack is deprecated and will be removed in a future version of pandas. See the What's New notes for pandas 2.1.0 for details. Specify future_stack=True to adopt the new implementation and silence this warning.
  long = sales_clean.stack(dropna=False).reset_index()
J:\Toni\Vibing\VN2_Opus\forecaster.py:57: FutureWarning: The previous implementation of stack is deprecated and will be removed in a future version of pandas. See the What's New notes for pandas 2.1.0 for details. Specify future_stack=True to adopt the new implementation and silence this warning.
  long = sales_clean.stack(dropna=False).reset_index()
J:\Toni\Vibing\VN2_Opus\forecaster.py:57: FutureWarning: The previous implementation of stack is deprecated and will be removed in a future version of pandas. See the What's New notes for pandas 2.1.0 for details. Specify future_stack=True to adopt the new implementation and silence this warning.
  long = sales_clean.stack(dropna=False).reset_index()
[I 2026-04-21 16:33:27,276] Trial 29 finished with value: 3625.8500000000004 and parameters: {'w_ma': 0.29368964381695867, 'w_lgb_share': 0.4443104677078753, 'multiplier': 1.076548217677396, 'safety_units': 0.15040960252893346, 'lgb_n_estimators': 199, 'lgb_lr': 0.04992564896884001, 'lgb_num_leaves': 21, 'lgb_min_child_samples': 10, 'lgb_subsample': 0.855166441867744, 'lgb_colsample': 0.8013362688854444, 'lgb_reg_alpha': 0.3120132243465881, 'lgb_reg_lambda': 0.012071668733417362, 'cb_iterations': 322, 'cb_lr': 0.08427450385641065, 'cb_depth': 6, 'cb_l2': 3.6266017457424318}. Best is trial 15 with value: 3617.4500000000003.
J:\Toni\Vibing\VN2_Opus\forecaster.py:57: FutureWarning: The previous implementation of stack is deprecated and will be removed in a future version of pandas. See the What's New notes for pandas 2.1.0 for details. Specify future_stack=True to adopt the new implementation and silence this warning.
  long = sales_clean.stack(dropna=False).reset_index()
J:\Toni\Vibing\VN2_Opus\forecaster.py:57: FutureWarning: The previous implementation of stack is deprecated and will be removed in a future version of pandas. See the What's New notes for pandas 2.1.0 for details. Specify future_stack=True to adopt the new implementation and silence this warning.
  long = sales_clean.stack(dropna=False).reset_index()
J:\Toni\Vibing\VN2_Opus\forecaster.py:57: FutureWarning: The previous implementation of stack is deprecated and will be removed in a future version of pandas. See the What's New notes for pandas 2.1.0 for details. Specify future_stack=True to adopt the new implementation and silence this warning.
  long = sales_clean.stack(dropna=False).reset_index()
J:\Toni\Vibing\VN2_Opus\forecaster.py:57: FutureWarning: The previous implementation of stack is deprecated and will be removed in a future version of pandas. See the What's New notes for pandas 2.1.0 for details. Specify future_stack=True to adopt the new implementation and silence this warning.
  long = sales_clean.stack(dropna=False).reset_index()
