[I 2026-04-21 16:25:59,925] A new study created in memory with name: no-name-fbfdc8ce-e835-4102-9326-dfe68880e083
J:\Toni\Vibing\VN2_Opus\forecaster.py:57: FutureWarning: The previous implementation of stack is deprecated and will be removed in a future version of pandas. See the What's New notes for pandas 2.1.0 for details. Specify future_stack=True to adopt the new implementation and silence this warning.
  long = sales_clean.stack(dropna=False).reset_index()
J:\Toni\Vibing\VN2_Opus\forecaster.py:57: FutureWarning: The previous implementation of stack is deprecated and will be removed in a future version of pandas. See the What's New notes for pandas 2.1.0 for details. Specify future_stack=True to adopt the new implementation and silence this warning.
  long = sales_clean.stack(dropna=False).reset_index()
J:\Toni\Vibing\VN2_Opus\forecaster.py:57: FutureWarning: The previous implementation of stack is deprecated and will be removed in a future version of pandas. See the What's New notes for pandas 2.1.0 for details. Specify future_stack=True to adopt the new implementation and silence this warning.
  long = sales_clean.stack(dropna=False).reset_index()
J:\Toni\Vibing\VN2_Opus\forecaster.py:57: FutureWarning: The previous implementation of stack is deprecated and will be removed in a future version of pandas. See the What's New notes for pandas 2.1.0 for details. Specify future_stack=True to adopt the new implementation and silence this warning.
  long = sales_clean.stack(dropna=False).reset_index()
[I 2026-04-21 16:26:14,713] Trial 0 finished with value: 3625.55 and parameters: {'w_ma': 0.2875, 'w_lgb_share': 0.6971, 'multiplier': 1.0731, 'safety_units': 0.5962, 'lgb_n_estimators': 200, 'lgb_lr': 0.05, 'lgb_num_leaves': 31, 'lgb_min_child_samples': 10, 'lgb_subsample': 0.8, 'lgb_colsample': 0.8, 'lgb_reg_alpha': 0.0, 'lgb_reg_lambda': 0.0, 'cb_iterations': 200, 'cb_lr': 0.05, 'cb_depth': 6, 'cb_l2': 3.0}. Best is trial 0 with value: 3625.55.
J:\Toni\Vibing\VN2_Opus\forecaster.py:57: FutureWarning: The previous implementation of stack is deprecated and will be removed in a future version of pandas. See the What's New notes for pandas 2.1.0 for details. Specify future_stack=True to adopt the new implementation and silence this warning.
  long = sales_clean.stack(dropna=False).reset_index()
J:\Toni\Vibing\VN2_Opus\forecaster.py:57: FutureWarning: The previous implementation of stack is deprecated and will be removed in a future version of pandas. See the What's New notes for pandas 2.1.0 for details. Specify future_stack=True to adopt the new implementation and silence this warning.
  long = sales_clean.stack(dropna=False).reset_index()
J:\Toni\Vibing\VN2_Opus\forecaster.py:57: FutureWarning: The previous implementation of stack is deprecated and will be removed in a future version of pandas. See the What's New notes for pandas 2.1.0 for details. Specify future_stack=True to adopt the new implementation and silence this warning.
  long = sales_clean.stack(dropna=False).reset_index()
J:\Toni\Vibing\VN2_Opus\forecaster.py:57: FutureWarning: The previous implementation of stack is deprecated and will be removed in a future version of pandas. See the What's New notes for pandas 2.1.0 for details. Specify future_stack=True to adopt the new implementation and silence this warning.
  long = sales_clean.stack(dropna=False).reset_index()
[I 2026-04-21 16:26:25,857] Trial 1 finished with value: 3741.4500000000003 and parameters: {'w_ma': 0.2623620356542088, 'w_lgb_share': 0.9228928685254538, 'multiplier': 1.1097990912717106, 'safety_units': 0.8979877262955549, 'lgb_n_estimators': 181, 'lgb_lr': 0.03619824155310539, 'lgb_num_leaves': 21, 'lgb_min_child_samples': 23, 'lgb_subsample': 0.8502787529358021, 'lgb_colsample': 0.8770181444490113, 'lgb_reg_alpha': 0.010292247147901223, 'lgb_reg_lambda': 0.48495492608099716, 'cb_iterations': 317, 'cb_lr': 0.038739040741088984, 'cb_depth': 5, 'cb_l2': 3.100427059120603}. Best is trial 0 with value: 3625.55.
J:\Toni\Vibing\VN2_Opus\forecaster.py:57: FutureWarning: The previous implementation of stack is deprecated and will be removed in a future version of pandas. See the What's New notes for pandas 2.1.0 for details. Specify future_stack=True to adopt the new implementation and silence this warning.
  long = sales_clean.stack(dropna=False).reset_index()
J:\Toni\Vibing\VN2_Opus\forecaster.py:57: FutureWarning: The previous implementation of stack is deprecated and will be removed in a future version of pandas. See the What's New notes for pandas 2.1.0 for details. Specify future_stack=True to adopt the new implementation and silence this warning.
  long = sales_clean.stack(dropna=False).reset_index()
J:\Toni\Vibing\VN2_Opus\forecaster.py:57: FutureWarning: The previous implementation of stack is deprecated and will be removed in a future version of pandas. See the What's New notes for pandas 2.1.0 for details. Specify future_stack=True to adopt the new implementation and silence this warning.
  long = sales_clean.stack(dropna=False).reset_index()
J:\Toni\Vibing\VN2_Opus\forecaster.py:57: FutureWarning: The previous implementation of stack is deprecated and will be removed in a future version of pandas. See the What's New notes for pandas 2.1.0 for details. Specify future_stack=True to adopt the new implementation and silence this warning.
  long = sales_clean.stack(dropna=False).reset_index()
[I 2026-04-21 16:26:42,219] Trial 2 finished with value: 3621.6499999999996 and parameters: {'w_ma': 0.2412726728878613, 'w_lgb_share': 0.6886160373977308, 'multiplier': 1.0647917527963173, 'safety_units': 0.43684371029706287, 'lgb_n_estimators': 272, 'lgb_lr': 0.0354862109207614, 'lgb_num_leaves': 27, 'lgb_min_child_samples': 14, 'lgb_subsample': 0.814017496054259, 'lgb_colsample': 0.8962939903482534, 'lgb_reg_alpha': 0.09983689107917987, 'lgb_reg_lambda': 0.2571172192068058, 'cb_iterations': 269, 'cb_lr': 0.03172555207457027, 'cb_depth': 7, 'cb_l2': 3.0231447421237494}. Best is trial 2 with value: 3621.6499999999996.
J:\Toni\Vibing\VN2_Opus\forecaster.py:57: FutureWarning: The previous implementation of stack is deprecated and will be removed in a future version of pandas. See the What's New notes for pandas 2.1.0 for details. Specify future_stack=True to adopt the new implementation and silence this warning.
  long = sales_clean.stack(dropna=False).reset_index()
J:\Toni\Vibing\VN2_Opus\forecaster.py:57: FutureWarning: The previous implementation of stack is deprecated and will be removed in a future version of pandas. See the What's New notes for pandas 2.1.0 for details. Specify future_stack=True to adopt the new implementation and silence this warning.
  long = sales_clean.stack(dropna=False).reset_index()
J:\Toni\Vibing\VN2_Opus\forecaster.py:57: FutureWarning: The previous implementation of stack is deprecated and will be removed in a future version of pandas. See the What's New notes for pandas 2.1.0 for details. Specify future_stack=True to adopt the new implementation and silence this warning.
  long = sales_clean.stack(dropna=False).reset_index()
J:\Toni\Vibing\VN2_Opus\forecaster.py:57: FutureWarning: The previous implementation of stack is deprecated and will be removed in a future version of pandas. See the What's New notes for pandas 2.1.0 for details. Specify future_stack=True to adopt the new implementation and silence this warning.
  long = sales_clean.stack(dropna=False).reset_index()
[I 2026-04-21 16:26:53,355] Trial 3 finished with value: 3853.0000000000005 and parameters: {'w_ma': 0.16951547789558385, 'w_lgb_share': 0.9218870454893332, 'multiplier': 1.144844804961184, 'safety_units': 1.2125960221746916, 'lgb_n_estimators': 211, 'lgb_lr': 0.033743639849862894, 'lgb_num_leaves': 37, 'lgb_min_child_samples': 15, 'lgb_subsample': 0.7305095587111947, 'lgb_colsample': 0.8237942275278175, 'lgb_reg_alpha': 0.017194260557609198, 'lgb_reg_lambda': 0.45466020103939103, 'cb_iterations': 202, 'cb_lr': 0.06661009844027113, 'cb_depth': 6, 'cb_l2': 5.120408127066865}. Best is trial 2 with value: 3621.6499999999996.
J:\Toni\Vibing\VN2_Opus\forecaster.py:57: FutureWarning: The previous implementation of stack is deprecated and will be removed in a future version of pandas. See the What's New notes for pandas 2.1.0 for details. Specify future_stack=True to adopt the new implementation and silence this warning.
  long = sales_clean.stack(dropna=False).reset_index()
J:\Toni\Vibing\VN2_Opus\forecaster.py:57: FutureWarning: The previous implementation of stack is deprecated and will be removed in a future version of pandas. See the What's New notes for pandas 2.1.0 for details. Specify future_stack=True to adopt the new implementation and silence this warning.
  long = sales_clean.stack(dropna=False).reset_index()
J:\Toni\Vibing\VN2_Opus\forecaster.py:57: FutureWarning: The previous implementation of stack is deprecated and will be removed in a future version of pandas. See the What's New notes for pandas 2.1.0 for details. Specify future_stack=True to adopt the new implementation and silence this warning.
  long = sales_clean.stack(dropna=False).reset_index()
J:\Toni\Vibing\VN2_Opus\forecaster.py:57: FutureWarning: The previous implementation of stack is deprecated and will be removed in a future version of pandas. See the What's New notes for pandas 2.1.0 for details. Specify future_stack=True to adopt the new implementation and silence this warning.
  long = sales_clean.stack(dropna=False).reset_index()
[I 2026-04-21 16:27:14,570] Trial 4 finished with value: 3800.45 and parameters: {'w_ma': 0.31401308380298387, 'w_lgb_share': 0.5016699505390398, 'multiplier': 1.1454376941646838, 'safety_units': 1.1626992350416718, 'lgb_n_estimators': 338, 'lgb_lr': 0.08810640009855035, 'lgb_num_leaves': 35, 'lgb_min_child_samples': 24, 'lgb_subsample': 0.7221231255129799, 'lgb_colsample': 0.7489957156047863, 'lgb_reg_alpha': 0.022613644455269033, 'lgb_reg_lambda': 0.16266516538163217, 'cb_iterations': 228, 'cb_lr': 0.04159143415786066, 'cb_depth': 8, 'cb_l2': 4.1405199601615355}. Best is trial 2 with value: 3621.6499999999996.
J:\Toni\Vibing\VN2_Opus\forecaster.py:57: FutureWarning: The previous implementation of stack is deprecated and will be removed in a future version of pandas. See the What's New notes for pandas 2.1.0 for details. Specify future_stack=True to adopt the new implementation and silence this warning.
  long = sales_clean.stack(dropna=False).reset_index()
J:\Toni\Vibing\VN2_Opus\forecaster.py:57: FutureWarning: The previous implementation of stack is deprecated and will be removed in a future version of pandas. See the What's New notes for pandas 2.1.0 for details. Specify future_stack=True to adopt the new implementation and silence this warning.
  long = sales_clean.stack(dropna=False).reset_index()
J:\Toni\Vibing\VN2_Opus\forecaster.py:57: FutureWarning: The previous implementation of stack is deprecated and will be removed in a future version of pandas. See the What's New notes for pandas 2.1.0 for details. Specify future_stack=True to adopt the new implementation and silence this warning.
  long = sales_clean.stack(dropna=False).reset_index()
J:\Toni\Vibing\VN2_Opus\forecaster.py:57: FutureWarning: The previous implementation of stack is deprecated and will be removed in a future version of pandas. See the What's New notes for pandas 2.1.0 for details. Specify future_stack=True to adopt the new implementation and silence this warning.
  long = sales_clean.stack(dropna=False).reset_index()
[I 2026-04-21 16:27:27,615] Trial 5 finished with value: 3729.3 and parameters: {'w_ma': 0.23428035290621424, 'w_lgb_share': 0.6984828457370367, 'multiplier': 1.0211386337462143, 'safety_units': 1.2032954711310595, 'lgb_n_estimators': 164, 'lgb_lr': 0.09843362018737845, 'lgb_num_leaves': 40, 'lgb_min_child_samples': 11, 'lgb_subsample': 0.7013805292809006, 'lgb_colsample': 0.9038653571137085, 'lgb_reg_alpha': 0.35342867192380856, 'lgb_reg_lambda': 0.36450358402049365, 'cb_iterations': 305, 'cb_lr': 0.032797265029146275, 'cb_depth': 6, 'cb_l2': 2.6952143571507783}. Best is trial 2 with value: 3621.6499999999996.
J:\Toni\Vibing\VN2_Opus\forecaster.py:57: FutureWarning: The previous implementation of stack is deprecated and will be removed in a future version of pandas. See the What's New notes for pandas 2.1.0 for details. Specify future_stack=True to adopt the new implementation and silence this warning.
  long = sales_clean.stack(dropna=False).reset_index()
J:\Toni\Vibing\VN2_Opus\forecaster.py:57: FutureWarning: The previous implementation of stack is deprecated and will be removed in a future version of pandas. See the What's New notes for pandas 2.1.0 for details. Specify future_stack=True to adopt the new implementation and silence this warning.
  long = sales_clean.stack(dropna=False).reset_index()
J:\Toni\Vibing\VN2_Opus\forecaster.py:57: FutureWarning: The previous implementation of stack is deprecated and will be removed in a future version of pandas. See the What's New notes for pandas 2.1.0 for details. Specify future_stack=True to adopt the new implementation and silence this warning.
  long = sales_clean.stack(dropna=False).reset_index()
J:\Toni\Vibing\VN2_Opus\forecaster.py:57: FutureWarning: The previous implementation of stack is deprecated and will be removed in a future version of pandas. See the What's New notes for pandas 2.1.0 for details. Specify future_stack=True to adopt the new implementation and silence this warning.
  long = sales_clean.stack(dropna=False).reset_index()
[I 2026-04-21 16:27:53,169] Trial 6 finished with value: 3694.55 and parameters: {'w_ma': 0.4089310277626781, 'w_lgb_share': 0.7428139697551568, 'multiplier': 1.0496347037278972, 'safety_units': 0.09533752542903545, 'lgb_n_estimators': 212, 'lgb_lr': 0.04437646484324404, 'lgb_num_leaves': 38, 'lgb_min_child_samples': 19, 'lgb_subsample': 0.9218031856440816, 'lgb_colsample': 0.8180537312904873, 'lgb_reg_alpha': 0.05979712296915085, 'lgb_reg_lambda': 0.3566223936114975, 'cb_iterations': 302, 'cb_lr': 0.058965932579073885, 'cb_depth': 8, 'cb_l2': 4.9627735781863445}. Best is trial 2 with value: 3621.6499999999996.
J:\Toni\Vibing\VN2_Opus\forecaster.py:57: FutureWarning: The previous implementation of stack is deprecated and will be removed in a future version of pandas. See the What's New notes for pandas 2.1.0 for details. Specify future_stack=True to adopt the new implementation and silence this warning.
  long = sales_clean.stack(dropna=False).reset_index()
J:\Toni\Vibing\VN2_Opus\forecaster.py:57: FutureWarning: The previous implementation of stack is deprecated and will be removed in a future version of pandas. See the What's New notes for pandas 2.1.0 for details. Specify future_stack=True to adopt the new implementation and silence this warning.
  long = sales_clean.stack(dropna=False).reset_index()
J:\Toni\Vibing\VN2_Opus\forecaster.py:57: FutureWarning: The previous implementation of stack is deprecated and will be removed in a future version of pandas. See the What's New notes for pandas 2.1.0 for details. Specify future_stack=True to adopt the new implementation and silence this warning.
  long = sales_clean.stack(dropna=False).reset_index()
J:\Toni\Vibing\VN2_Opus\forecaster.py:57: FutureWarning: The previous implementation of stack is deprecated and will be removed in a future version of pandas. See the What's New notes for pandas 2.1.0 for details. Specify future_stack=True to adopt the new implementation and silence this warning.
  long = sales_clean.stack(dropna=False).reset_index()
[I 2026-04-21 16:28:03,714] Trial 7 finished with value: 3682.05 and parameters: {'w_ma': 0.30681984881459823, 'w_lgb_share': 0.6351475600972023, 'multiplier': 1.0038128690116144, 'safety_units': 0.16183714048995668, 'lgb_n_estimators': 156, 'lgb_lr': 0.06454858584898995, 'lgb_num_leaves': 28, 'lgb_min_child_samples': 17, 'lgb_subsample': 0.9268916184815232, 'lgb_colsample': 0.7623230572872187, 'lgb_reg_alpha': 0.20519146151781487, 'lgb_reg_lambda': 0.37777556927152434, 'cb_iterations': 195, 'cb_lr': 0.03291337465318178, 'cb_depth': 6, 'cb_l2': 2.9673277235240265}. Best is trial 2 with value: 3621.6499999999996.
J:\Toni\Vibing\VN2_Opus\forecaster.py:57: FutureWarning: The previous implementation of stack is deprecated and will be removed in a future version of pandas. See the What's New notes for pandas 2.1.0 for details. Specify future_stack=True to adopt the new implementation and silence this warning.
  long = sales_clean.stack(dropna=False).reset_index()
J:\Toni\Vibing\VN2_Opus\forecaster.py:57: FutureWarning: The previous implementation of stack is deprecated and will be removed in a future version of pandas. See the What's New notes for pandas 2.1.0 for details. Specify future_stack=True to adopt the new implementation and silence this warning.
  long = sales_clean.stack(dropna=False).reset_index()
J:\Toni\Vibing\VN2_Opus\forecaster.py:57: FutureWarning: The previous implementation of stack is deprecated and will be removed in a future version of pandas. See the What's New notes for pandas 2.1.0 for details. Specify future_stack=True to adopt the new implementation and silence this warning.
  long = sales_clean.stack(dropna=False).reset_index()
J:\Toni\Vibing\VN2_Opus\forecaster.py:57: FutureWarning: The previous implementation of stack is deprecated and will be removed in a future version of pandas. See the What's New notes for pandas 2.1.0 for details. Specify future_stack=True to adopt the new implementation and silence this warning.
  long = sales_clean.stack(dropna=False).reset_index()
[I 2026-04-21 16:28:25,491] Trial 8 finished with value: 3784.4 and parameters: {'w_ma': 0.4289092957027719, 'w_lgb_share': 0.8444662087604293, 'multiplier': 1.0950105634765634, 'safety_units': 1.3071908852815766, 'lgb_n_estimators': 311, 'lgb_lr': 0.037555605899398575, 'lgb_num_leaves': 43, 'lgb_min_child_samples': 17, 'lgb_subsample': 0.9018600387910156, 'lgb_colsample': 0.9240228249808733, 'lgb_reg_alpha': 0.15900173748593194, 'lgb_reg_lambda': 0.05502596226383838, 'cb_iterations': 195, 'cb_lr': 0.05017031633226902, 'cb_depth': 8, 'cb_l2': 7.164383499538061}. Best is trial 2 with value: 3621.6499999999996.
J:\Toni\Vibing\VN2_Opus\forecaster.py:57: FutureWarning: The previous implementation of stack is deprecated and will be removed in a future version of pandas. See the What's New notes for pandas 2.1.0 for details. Specify future_stack=True to adopt the new implementation and silence this warning.
  long = sales_clean.stack(dropna=False).reset_index()
J:\Toni\Vibing\VN2_Opus\forecaster.py:57: FutureWarning: The previous implementation of stack is deprecated and will be removed in a future version of pandas. See the What's New notes for pandas 2.1.0 for details. Specify future_stack=True to adopt the new implementation and silence this warning.
  long = sales_clean.stack(dropna=False).reset_index()
J:\Toni\Vibing\VN2_Opus\forecaster.py:57: FutureWarning: The previous implementation of stack is deprecated and will be removed in a future version of pandas. See the What's New notes for pandas 2.1.0 for details. Specify future_stack=True to adopt the new implementation and silence this warning.
  long = sales_clean.stack(dropna=False).reset_index()
J:\Toni\Vibing\VN2_Opus\forecaster.py:57: FutureWarning: The previous implementation of stack is deprecated and will be removed in a future version of pandas. See the What's New notes for pandas 2.1.0 for details. Specify future_stack=True to adopt the new implementation and silence this warning.
  long = sales_clean.stack(dropna=False).reset_index()
[I 2026-04-21 16:28:39,791] Trial 9 finished with value: 3657.9000000000005 and parameters: {'w_ma': 0.15208563915935722, 'w_lgb_share': 0.6809110164176612, 'multiplier': 1.0626116504723169, 'safety_units': 0.3331617157060954, 'lgb_n_estimators': 174, 'lgb_lr': 0.04504567010596105, 'lgb_num_leaves': 44, 'lgb_min_child_samples': 13, 'lgb_subsample': 0.8296976554358415, 'lgb_colsample': 0.8757547397237944, 'lgb_reg_alpha': 0.181814801189647, 'lgb_reg_lambda': 0.48589104136048034, 'cb_iterations': 343, 'cb_lr': 0.040623081643287436, 'cb_depth': 6, 'cb_l2': 3.805269858900618}. Best is trial 2 with value: 3621.6499999999996.
J:\Toni\Vibing\VN2_Opus\forecaster.py:57: FutureWarning: The previous implementation of stack is deprecated and will be removed in a future version of pandas. See the What's New notes for pandas 2.1.0 for details. Specify future_stack=True to adopt the new implementation and silence this warning.
  long = sales_clean.stack(dropna=False).reset_index()
J:\Toni\Vibing\VN2_Opus\forecaster.py:57: FutureWarning: The previous implementation of stack is deprecated and will be removed in a future version of pandas. See the What's New notes for pandas 2.1.0 for details. Specify future_stack=True to adopt the new implementation and silence this warning.
  long = sales_clean.stack(dropna=False).reset_index()
J:\Toni\Vibing\VN2_Opus\forecaster.py:57: FutureWarning: The previous implementation of stack is deprecated and will be removed in a future version of pandas. See the What's New notes for pandas 2.1.0 for details. Specify future_stack=True to adopt the new implementation and silence this warning.
  long = sales_clean.stack(dropna=False).reset_index()
J:\Toni\Vibing\VN2_Opus\forecaster.py:57: FutureWarning: The previous implementation of stack is deprecated and will be removed in a future version of pandas. See the What's New notes for pandas 2.1.0 for details. Specify future_stack=True to adopt the new implementation and silence this warning.
  long = sales_clean.stack(dropna=False).reset_index()
