[I 2026-04-21 17:01:04,880] Trial 25 finished with value: 3687.75 and parameters: {'w_ma': 0.21748259378859766, 'w_lgb_share': 0.4920363496706385, 'multiplier': 0.9829924270844632, 'safety_units': 0.17375771370168336}. Best is trial 21 with value: 3625.55.
J:\Toni\Vibing\VN2_Opus\forecaster.py:57: FutureWarning: The previous implementation of stack is deprecated and will be removed in a future version of pandas. See the What's New notes for pandas 2.1.0 for details. Specify future_stack=True to adopt the new implementation and silence this warning.
  long = sales_clean.stack(dropna=False).reset_index()
J:\Toni\Vibing\VN2_Opus\forecaster.py:57: FutureWarning: The previous implementation of stack is deprecated and will be removed in a future version of pandas. See the What's New notes for pandas 2.1.0 for details. Specify future_stack=True to adopt the new implementation and silence this warning.
  long = sales_clean.stack(dropna=False).reset_index()
J:\Toni\Vibing\VN2_Opus\forecaster.py:57: FutureWarning: The previous implementation of stack is deprecated and will be removed in a future version of pandas. See the What's New notes for pandas 2.1.0 for details. Specify future_stack=True to adopt the new implementation and silence this warning.
  long = sales_clean.stack(dropna=False).reset_index()
J:\Toni\Vibing\VN2_Opus\forecaster.py:57: FutureWarning: The previous implementation of stack is deprecated and will be removed in a future version of pandas. See the What's New notes for pandas 2.1.0 for details. Specify future_stack=True to adopt the new implementation and silence this warning.
  long = sales_clean.stack(dropna=False).reset_index()
[I 2026-04-21 17:01:13,762] Trial 26 finished with value: 3668.55 and parameters: {'w_ma': 0.30534431972592446, 'w_lgb_share': 0.444824304257932, 'multiplier': 1.0964073662474332, 'safety_units': -0.21529632351159778}. Best is trial 21 with value: 3625.55.
J:\Toni\Vibing\VN2_Opus\forecaster.py:57: FutureWarning: The previous implementation of stack is deprecated and will be removed in a future version of pandas. See the What's New notes for pandas 2.1.0 for details. Specify future_stack=True to adopt the new implementation and silence this warning.
  long = sales_clean.stack(dropna=False).reset_index()
J:\Toni\Vibing\VN2_Opus\forecaster.py:57: FutureWarning: The previous implementation of stack is deprecated and will be removed in a future version of pandas. See the What's New notes for pandas 2.1.0 for details. Specify future_stack=True to adopt the new implementation and silence this warning.
  long = sales_clean.stack(dropna=False).reset_index()
J:\Toni\Vibing\VN2_Opus\forecaster.py:57: FutureWarning: The previous implementation of stack is deprecated and will be removed in a future version of pandas. See the What's New notes for pandas 2.1.0 for details. Specify future_stack=True to adopt the new implementation and silence this warning.
  long = sales_clean.stack(dropna=False).reset_index()
J:\Toni\Vibing\VN2_Opus\forecaster.py:57: FutureWarning: The previous implementation of stack is deprecated and will be removed in a future version of pandas. See the What's New notes for pandas 2.1.0 for details. Specify future_stack=True to adopt the new implementation and silence this warning.
  long = sales_clean.stack(dropna=False).reset_index()
[I 2026-04-21 17:01:22,109] Trial 27 finished with value: 3648.95 and parameters: {'w_ma': 0.4557061828121954, 'w_lgb_share': 0.8848037174154562, 'multiplier': 1.0389192871554405, 'safety_units': 0.6339195085382897}. Best is trial 21 with value: 3625.55.
J:\Toni\Vibing\VN2_Opus\forecaster.py:57: FutureWarning: The previous implementation of stack is deprecated and will be removed in a future version of pandas. See the What's New notes for pandas 2.1.0 for details. Specify future_stack=True to adopt the new implementation and silence this warning.
  long = sales_clean.stack(dropna=False).reset_index()
J:\Toni\Vibing\VN2_Opus\forecaster.py:57: FutureWarning: The previous implementation of stack is deprecated and will be removed in a future version of pandas. See the What's New notes for pandas 2.1.0 for details. Specify future_stack=True to adopt the new implementation and silence this warning.
  long = sales_clean.stack(dropna=False).reset_index()
J:\Toni\Vibing\VN2_Opus\forecaster.py:57: FutureWarning: The previous implementation of stack is deprecated and will be removed in a future version of pandas. See the What's New notes for pandas 2.1.0 for details. Specify future_stack=True to adopt the new implementation and silence this warning.
  long = sales_clean.stack(dropna=False).reset_index()
J:\Toni\Vibing\VN2_Opus\forecaster.py:57: FutureWarning: The previous implementation of stack is deprecated and will be removed in a future version of pandas. See the What's New notes for pandas 2.1.0 for details. Specify future_stack=True to adopt the new implementation and silence this warning.
  long = sales_clean.stack(dropna=False).reset_index()
[I 2026-04-21 17:01:30,488] Trial 28 finished with value: 3742.8500000000004 and parameters: {'w_ma': 0.26425862925764215, 'w_lgb_share': 0.5791369487160033, 'multiplier': 1.0640872353163384, 'safety_units': 1.3147522949659831}. Best is trial 21 with value: 3625.55.
J:\Toni\Vibing\VN2_Opus\forecaster.py:57: FutureWarning: The previous implementation of stack is deprecated and will be removed in a future version of pandas. See the What's New notes for pandas 2.1.0 for details. Specify future_stack=True to adopt the new implementation and silence this warning.
  long = sales_clean.stack(dropna=False).reset_index()
J:\Toni\Vibing\VN2_Opus\forecaster.py:57: FutureWarning: The previous implementation of stack is deprecated and will be removed in a future version of pandas. See the What's New notes for pandas 2.1.0 for details. Specify future_stack=True to adopt the new implementation and silence this warning.
  long = sales_clean.stack(dropna=False).reset_index()
J:\Toni\Vibing\VN2_Opus\forecaster.py:57: FutureWarning: The previous implementation of stack is deprecated and will be removed in a future version of pandas. See the What's New notes for pandas 2.1.0 for details. Specify future_stack=True to adopt the new implementation and silence this warning.
  long = sales_clean.stack(dropna=False).reset_index()
J:\Toni\Vibing\VN2_Opus\forecaster.py:57: FutureWarning: The previous implementation of stack is deprecated and will be removed in a future version of pandas. See the What's New notes for pandas 2.1.0 for details. Specify future_stack=True to adopt the new implementation and silence this warning.
  long = sales_clean.stack(dropna=False).reset_index()
[I 2026-04-21 17:01:39,119] Trial 29 finished with value: 3725.65 and parameters: {'w_ma': 0.26168463034743916, 'w_lgb_share': 0.6671246346183516, 'multiplier': 1.1449198751408043, 'safety_units': 0.8743439276148486}. Best is trial 21 with value: 3625.55.
J:\Toni\Vibing\VN2_Opus\forecaster.py:57: FutureWarning: The previous implementation of stack is deprecated and will be removed in a future version of pandas. See the What's New notes for pandas 2.1.0 for details. Specify future_stack=True to adopt the new implementation and silence this warning.
  long = sales_clean.stack(dropna=False).reset_index()
J:\Toni\Vibing\VN2_Opus\forecaster.py:57: FutureWarning: The previous implementation of stack is deprecated and will be removed in a future version of pandas. See the What's New notes for pandas 2.1.0 for details. Specify future_stack=True to adopt the new implementation and silence this warning.
  long = sales_clean.stack(dropna=False).reset_index()
J:\Toni\Vibing\VN2_Opus\forecaster.py:57: FutureWarning: The previous implementation of stack is deprecated and will be removed in a future version of pandas. See the What's New notes for pandas 2.1.0 for details. Specify future_stack=True to adopt the new implementation and silence this warning.
  long = sales_clean.stack(dropna=False).reset_index()
J:\Toni\Vibing\VN2_Opus\forecaster.py:57: FutureWarning: The previous implementation of stack is deprecated and will be removed in a future version of pandas. See the What's New notes for pandas 2.1.0 for details. Specify future_stack=True to adopt the new implementation and silence this warning.
  long = sales_clean.stack(dropna=False).reset_index()
J:\Toni\Vibing\VN2_Opus\forecaster.py:57: FutureWarning: The previous implementation of stack is deprecated and will be removed in a future version of pandas. See the What's New notes for pandas 2.1.0 for details. Specify future_stack=True to adopt the new implementation and silence this warning.
  long = sales_clean.stack(dropna=False).reset_index()
J:\Toni\Vibing\VN2_Opus\forecaster.py:57: FutureWarning: The previous implementation of stack is deprecated and will be removed in a future version of pandas. See the What's New notes for pandas 2.1.0 for details. Specify future_stack=True to adopt the new implementation and silence this warning.
  long = sales_clean.stack(dropna=False).reset_index()
J:\Toni\Vibing\VN2_Opus\forecaster.py:57: FutureWarning: The previous implementation of stack is deprecated and will be removed in a future version of pandas. See the What's New notes for pandas 2.1.0 for details. Specify future_stack=True to adopt the new implementation and silence this warning.
  long = sales_clean.stack(dropna=False).reset_index()
J:\Toni\Vibing\VN2_Opus\forecaster.py:57: FutureWarning: The previous implementation of stack is deprecated and will be removed in a future version of pandas. See the What's New notes for pandas 2.1.0 for details. Specify future_stack=True to adopt the new implementation and silence this warning.
  long = sales_clean.stack(dropna=False).reset_index()
J:\Toni\Vibing\VN2_Opus\forecaster.py:57: FutureWarning: The previous implementation of stack is deprecated and will be removed in a future version of pandas. See the What's New notes for pandas 2.1.0 for details. Specify future_stack=True to adopt the new implementation and silence this warning.
  long = sales_clean.stack(dropna=False).reset_index()
J:\Toni\Vibing\VN2_Opus\forecaster.py:57: FutureWarning: The previous implementation of stack is deprecated and will be removed in a future version of pandas. See the What's New notes for pandas 2.1.0 for details. Specify future_stack=True to adopt the new implementation and silence this warning.
  long = sales_clean.stack(dropna=False).reset_index()
J:\Toni\Vibing\VN2_Opus\forecaster.py:57: FutureWarning: The previous implementation of stack is deprecated and will be removed in a future version of pandas. See the What's New notes for pandas 2.1.0 for details. Specify future_stack=True to adopt the new implementation and silence this warning.
  long = sales_clean.stack(dropna=False).reset_index()
J:\Toni\Vibing\VN2_Opus\forecaster.py:57: FutureWarning: The previous implementation of stack is deprecated and will be removed in a future version of pandas. See the What's New notes for pandas 2.1.0 for details. Specify future_stack=True to adopt the new implementation and silence this warning.
  long = sales_clean.stack(dropna=False).reset_index()
J:\Toni\Vibing\VN2_Opus\forecaster.py:57: FutureWarning: The previous implementation of stack is deprecated and will be removed in a future version of pandas. See the What's New notes for pandas 2.1.0 for details. Specify future_stack=True to adopt the new implementation and silence this warning.
  long = sales_clean.stack(dropna=False).reset_index()
J:\Toni\Vibing\VN2_Opus\forecaster.py:57: FutureWarning: The previous implementation of stack is deprecated and will be removed in a future version of pandas. See the What's New notes for pandas 2.1.0 for details. Specify future_stack=True to adopt the new implementation and silence this warning.
  long = sales_clean.stack(dropna=False).reset_index()
J:\Toni\Vibing\VN2_Opus\forecaster.py:57: FutureWarning: The previous implementation of stack is deprecated and will be removed in a future version of pandas. See the What's New notes for pandas 2.1.0 for details. Specify future_stack=True to adopt the new implementation and silence this warning.
  long = sales_clean.stack(dropna=False).reset_index()
J:\Toni\Vibing\VN2_Opus\forecaster.py:57: FutureWarning: The previous implementation of stack is deprecated and will be removed in a future version of pandas. See the What's New notes for pandas 2.1.0 for details. Specify future_stack=True to adopt the new implementation and silence this warning.
  long = sales_clean.stack(dropna=False).reset_index()
J:\Toni\Vibing\VN2_Opus\forecaster.py:57: FutureWarning: The previous implementation of stack is deprecated and will be removed in a future version of pandas. See the What's New notes for pandas 2.1.0 for details. Specify future_stack=True to adopt the new implementation and silence this warning.
  long = sales_clean.stack(dropna=False).reset_index()
J:\Toni\Vibing\VN2_Opus\forecaster.py:57: FutureWarning: The previous implementation of stack is deprecated and will be removed in a future version of pandas. See the What's New notes for pandas 2.1.0 for details. Specify future_stack=True to adopt the new implementation and silence this warning.
  long = sales_clean.stack(dropna=False).reset_index()
J:\Toni\Vibing\VN2_Opus\forecaster.py:57: FutureWarning: The previous implementation of stack is deprecated and will be removed in a future version of pandas. See the What's New notes for pandas 2.1.0 for details. Specify future_stack=True to adopt the new implementation and silence this warning.
  long = sales_clean.stack(dropna=False).reset_index()
J:\Toni\Vibing\VN2_Opus\forecaster.py:57: FutureWarning: The previous implementation of stack is deprecated and will be removed in a future version of pandas. See the What's New notes for pandas 2.1.0 for details. Specify future_stack=True to adopt the new implementation and silence this warning.
  long = sales_clean.stack(dropna=False).reset_index()
J:\Toni\Vibing\VN2_Opus\forecaster.py:57: FutureWarning: The previous implementation of stack is deprecated and will be removed in a future version of pandas. See the What's New notes for pandas 2.1.0 for details. Specify future_stack=True to adopt the new implementation and silence this warning.
  long = sales_clean.stack(dropna=False).reset_index()
J:\Toni\Vibing\VN2_Opus\forecaster.py:57: FutureWarning: The previous implementation of stack is deprecated and will be removed in a future version of pandas. See the What's New notes for pandas 2.1.0 for details. Specify future_stack=True to adopt the new implementation and silence this warning.
  long = sales_clean.stack(dropna=False).reset_index()
J:\Toni\Vibing\VN2_Opus\forecaster.py:57: FutureWarning: The previous implementation of stack is deprecated and will be removed in a future version of pandas. See the What's New notes for pandas 2.1.0 for details. Specify future_stack=True to adopt the new implementation and silence this warning.
  long = sales_clean.stack(dropna=False).reset_index()
J:\Toni\Vibing\VN2_Opus\forecaster.py:57: FutureWarning: The previous implementation of stack is deprecated and will be removed in a future version of pandas. See the What's New notes for pandas 2.1.0 for details. Specify future_stack=True to adopt the new implementation and silence this warning.
  long = sales_clean.stack(dropna=False).reset_index()
J:\Toni\Vibing\VN2_Opus\forecaster.py:57: FutureWarning: The previous implementation of stack is deprecated and will be removed in a future version of pandas. See the What's New notes for pandas 2.1.0 for details. Specify future_stack=True to adopt the new implementation and silence this warning.
  long = sales_clean.stack(dropna=False).reset_index()
J:\Toni\Vibing\VN2_Opus\forecaster.py:57: FutureWarning: The previous implementation of stack is deprecated and will be removed in a future version of pandas. See the What's New notes for pandas 2.1.0 for details. Specify future_stack=True to adopt the new implementation and silence this warning.
  long = sales_clean.stack(dropna=False).reset_index()
J:\Toni\Vibing\VN2_Opus\forecaster.py:57: FutureWarning: The previous implementation of stack is deprecated and will be removed in a future version of pandas. See the What's New notes for pandas 2.1.0 for details. Specify future_stack=True to adopt the new implementation and silence this warning.
  long = sales_clean.stack(dropna=False).reset_index()
J:\Toni\Vibing\VN2_Opus\forecaster.py:57: FutureWarning: The previous implementation of stack is deprecated and will be removed in a future version of pandas. See the What's New notes for pandas 2.1.0 for details. Specify future_stack=True to adopt the new implementation and silence this warning.
  long = sales_clean.stack(dropna=False).reset_index()
J:\Toni\Vibing\VN2_Opus\forecaster.py:57: FutureWarning: The previous implementation of stack is deprecated and will be removed in a future version of pandas. See the What's New notes for pandas 2.1.0 for details. Specify future_stack=True to adopt the new implementation and silence this warning.
  long = sales_clean.stack(dropna=False).reset_index()
J:\Toni\Vibing\VN2_Opus\forecaster.py:57: FutureWarning: The previous implementation of stack is deprecated and will be removed in a future version of pandas. See the What's New notes for pandas 2.1.0 for details. Specify future_stack=True to adopt the new implementation and silence this warning.
  long = sales_clean.stack(dropna=False).reset_index()
J:\Toni\Vibing\VN2_Opus\forecaster.py:57: FutureWarning: The previous implementation of stack is deprecated and will be removed in a future version of pandas. See the What's New notes for pandas 2.1.0 for details. Specify future_stack=True to adopt the new implementation and silence this warning.
  long = sales_clean.stack(dropna=False).reset_index()
J:\Toni\Vibing\VN2_Opus\forecaster.py:57: FutureWarning: The previous implementation of stack is deprecated and will be removed in a future version of pandas. See the What's New notes for pandas 2.1.0 for details. Specify future_stack=True to adopt the new implementation and silence this warning.
  long = sales_clean.stack(dropna=False).reset_index()
J:\Toni\Vibing\VN2_Opus\forecaster.py:57: FutureWarning: The previous implementation of stack is deprecated and will be removed in a future version of pandas. See the What's New notes for pandas 2.1.0 for details. Specify future_stack=True to adopt the new implementation and silence this warning.
  long = sales_clean.stack(dropna=False).reset_index()
J:\Toni\Vibing\VN2_Opus\forecaster.py:57: FutureWarning: The previous implementation of stack is deprecated and will be removed in a future version of pandas. See the What's New notes for pandas 2.1.0 for details. Specify future_stack=True to adopt the new implementation and silence this warning.
  long = sales_clean.stack(dropna=False).reset_index()
J:\Toni\Vibing\VN2_Opus\forecaster.py:57: FutureWarning: The previous implementation of stack is deprecated and will be removed in a future version of pandas. See the What's New notes for pandas 2.1.0 for details. Specify future_stack=True to adopt the new implementation and silence this warning.
  long = sales_clean.stack(dropna=False).reset_index()
J:\Toni\Vibing\VN2_Opus\forecaster.py:57: FutureWarning: The previous implementation of stack is deprecated and will be removed in a future version of pandas. See the What's New notes for pandas 2.1.0 for details. Specify future_stack=True to adopt the new implementation and silence this warning.
  long = sales_clean.stack(dropna=False).reset_index()
Running experiment: optuna_weights  kwargs={}
Starting Optuna weight-search with 30 new trials (existing trials in study: 0)

Best trial: CV mean = 3,625.55
  w_ma: 0.2875
  w_lgb_share: 0.6971
  multiplier: 1.0731
  safety_units: 0.5962

--- Gated eval: SINGLE-BEST ---

[GATE] Ensemble [Optuna-weights, single-best]
  CV mean: 3,625.55  (baseline 3,654, delta -28)
  VAL:     2,941.80  (baseline 2,855, +3.0%)
  SACRED:  3,590.00  (h=1,583, s=2,007)

--- Top-5 by CV for consensus ---
  Trial 21: CV=3625.55  w_ma=0.287 w_lgb=0.697 mult=1.073 safety=0.596
  Trial 15: CV=3626.60  w_ma=0.346 w_lgb=0.690 mult=1.042 safety=0.488
  Trial 14: CV=3629.05  w_ma=0.301 w_lgb=0.694 mult=1.050 safety=0.200
  Trial 23: CV=3629.55  w_ma=0.385 w_lgb=0.884 mult=1.051 safety=0.463
  Trial 22: CV=3638.10  w_ma=0.295 w_lgb=0.739 mult=1.017 safety=0.478

--- Gated eval: CONSENSUS of top-5 ---

[GATE] Ensemble [Optuna-weights, consensus-top5]
  CV mean: 3,624.05  (baseline 3,654, delta -30)
  VAL:     2,895.20  (baseline 2,855, +1.4%)
  SACRED:  3,646.60  (h=1,460, s=2,187)

Saved: best_winner_weights.json

======================================================================
  Selection                                      CV      VAL   SACRED
  ------------------------------------------------------------------
  Single-best                                 3,626    2,942    3,590
  Consensus top-5                             3,624    2,895    3,647
